[INFO ] 2019-08-28T19:02:26,238Z [main] cordapp.JarScanningCordappLoader.<init> - Loading CorDapps from RestrictedURL(url=file:/C:/Users/angel/Documents/corda/bootcamp-cordapp/build/generated-custom-cordapps/20190828-190225.790/custom-cordapp_1_4_2ccb2c50-d5f1-4f2e-aeee-860d1267b6b2.jar, rootPackageName=null) {}
[INFO ] 2019-08-28T19:02:26,280Z [main] cordapp.JarScanningCordappLoader.scanCordapp - Scanning CorDapp in file:/C:/Users/angel/Documents/corda/bootcamp-cordapp/build/generated-custom-cordapps/20190828-190225.790/custom-cordapp_1_4_2ccb2c50-d5f1-4f2e-aeee-860d1267b6b2.jar {}
[INFO ] 2019-08-28T19:02:26,329Z [main] cordapp.JarScanningCordappLoader.findNotaryService - Found notary service CorDapp implementations:  {}
[INFO ] 2019-08-28T19:02:48,731Z [main] cordapp.JarScanningCordappLoader.<init> - Loading CorDapps from RestrictedURL(url=file:/C:/Users/angel/Documents/corda/bootcamp-cordapp/build/generated-custom-cordapps/20190828-190248.345/custom-cordapp_1_4_05c3f60a-8f43-48e5-b499-dc2ac4f5befd.jar, rootPackageName=null) {}
[INFO ] 2019-08-28T19:02:48,756Z [main] cordapp.JarScanningCordappLoader.scanCordapp - Scanning CorDapp in file:/C:/Users/angel/Documents/corda/bootcamp-cordapp/build/generated-custom-cordapps/20190828-190248.345/custom-cordapp_1_4_05c3f60a-8f43-48e5-b499-dc2ac4f5befd.jar {}
[INFO ] 2019-08-28T19:02:48,800Z [main] cordapp.JarScanningCordappLoader.findNotaryService - Found notary service CorDapp implementations:  {}
[INFO ] 2019-08-28T19:05:17,211Z [main] cordapp.JarScanningCordappLoader.<init> - Loading CorDapps from RestrictedURL(url=file:/C:/Users/angel/Documents/corda/bootcamp-cordapp/build/generated-custom-cordapps/20190828-190516.806/custom-cordapp_1_4_155010a6-b007-454d-ac55-87730cc1eea6.jar, rootPackageName=null) {}
[INFO ] 2019-08-28T19:05:17,235Z [main] cordapp.JarScanningCordappLoader.scanCordapp - Scanning CorDapp in file:/C:/Users/angel/Documents/corda/bootcamp-cordapp/build/generated-custom-cordapps/20190828-190516.806/custom-cordapp_1_4_155010a6-b007-454d-ac55-87730cc1eea6.jar {}
[INFO ] 2019-08-28T19:05:17,278Z [main] cordapp.JarScanningCordappLoader.findNotaryService - Found notary service CorDapp implementations:  {}
[WARN ] 2019-08-28T19:05:17,980Z [main] contracts.TransactionState.<init> - State class bootcamp.TokenState is not annotated with @BelongsToContract, and does not have an enclosing class which implements Contract. Annotate TokenState with @BelongsToContract(bootcamp.TokenContract.class) to remove this warning. {}
[WARN ] 2019-08-28T19:05:17,982Z [main] contracts.TransactionState.<init> - State class bootcamp.TokenState is not annotated with @BelongsToContract, and does not have an enclosing class which implements Contract. Annotate TokenState with @BelongsToContract(bootcamp.TokenContract.class) to remove this warning. {}
[WARN ] 2019-08-28T19:05:17,996Z [main] contracts.TransactionState.<init> - State class bootcamp.TokenState is not annotated with @BelongsToContract, and does not have an enclosing class which implements Contract. Annotate TokenState with @BelongsToContract(bootcamp.TokenContract.class) to remove this warning. {}
[WARN ] 2019-08-28T19:05:17,996Z [main] contracts.TransactionState.<init> - State class bootcamp.TokenState is not annotated with @BelongsToContract, and does not have an enclosing class which implements Contract. Annotate TokenState with @BelongsToContract(bootcamp.TokenContract.class) to remove this warning. {}
[INFO ] 2019-08-28T19:05:18,036Z [main] model.LocalTypeInformationBuilder.buildNonAtomic - Properties of type bootcamp.TokenState do not satisfy its constructor, type has been marked as non-composable {}
[WARN ] 2019-08-28T19:05:18,055Z [main] contracts.TransactionState.<init> - State class bootcamp.TokenState is not annotated with @BelongsToContract, and does not have an enclosing class which implements Contract. Annotate TokenState with @BelongsToContract(bootcamp.TokenContract.class) to remove this warning. {}
[WARN ] 2019-08-28T19:05:18,064Z [main] contracts.TransactionState.<init> - State class bootcamp.TokenState is not annotated with @BelongsToContract, and does not have an enclosing class which implements Contract. Annotate TokenState with @BelongsToContract(bootcamp.TokenContract.class) to remove this warning. {}
[INFO ] 2019-08-28T19:05:18,068Z [main] model.LocalTypeInformationBuilder.buildNonAtomic - Properties of type bootcamp.TokenState do not satisfy its constructor, type has been marked as non-composable {}
[INFO ] 2019-08-28T19:10:16,746Z [main] cordapp.JarScanningCordappLoader.<init> - Loading CorDapps from RestrictedURL(url=file:/C:/Users/angel/Documents/corda/bootcamp-cordapp/build/generated-custom-cordapps/20190828-191016.340/custom-cordapp_1_4_c21ae89f-6683-4b38-8135-d28dd2698e35.jar, rootPackageName=null) {}
[INFO ] 2019-08-28T19:10:16,769Z [main] cordapp.JarScanningCordappLoader.scanCordapp - Scanning CorDapp in file:/C:/Users/angel/Documents/corda/bootcamp-cordapp/build/generated-custom-cordapps/20190828-191016.340/custom-cordapp_1_4_c21ae89f-6683-4b38-8135-d28dd2698e35.jar {}
[INFO ] 2019-08-28T19:10:16,812Z [main] cordapp.JarScanningCordappLoader.findNotaryService - Found notary service CorDapp implementations:  {}
[WARN ] 2019-08-28T19:10:17,526Z [main] contracts.TransactionState.<init> - State class bootcamp.TokenState is not annotated with @BelongsToContract, and does not have an enclosing class which implements Contract. Annotate TokenState with @BelongsToContract(bootcamp.TokenContract.class) to remove this warning. {}
[WARN ] 2019-08-28T19:10:17,528Z [main] contracts.TransactionState.<init> - State class bootcamp.TokenState is not annotated with @BelongsToContract, and does not have an enclosing class which implements Contract. Annotate TokenState with @BelongsToContract(bootcamp.TokenContract.class) to remove this warning. {}
[WARN ] 2019-08-28T19:10:17,542Z [main] contracts.TransactionState.<init> - State class bootcamp.TokenState is not annotated with @BelongsToContract, and does not have an enclosing class which implements Contract. Annotate TokenState with @BelongsToContract(bootcamp.TokenContract.class) to remove this warning. {}
[WARN ] 2019-08-28T19:10:17,542Z [main] contracts.TransactionState.<init> - State class bootcamp.TokenState is not annotated with @BelongsToContract, and does not have an enclosing class which implements Contract. Annotate TokenState with @BelongsToContract(bootcamp.TokenContract.class) to remove this warning. {}
[INFO ] 2019-08-28T19:10:17,581Z [main] model.LocalTypeInformationBuilder.buildNonAtomic - Properties of type bootcamp.TokenState do not satisfy its constructor, type has been marked as non-composable {}
[WARN ] 2019-08-28T19:10:17,600Z [main] contracts.TransactionState.<init> - State class bootcamp.TokenState is not annotated with @BelongsToContract, and does not have an enclosing class which implements Contract. Annotate TokenState with @BelongsToContract(bootcamp.TokenContract.class) to remove this warning. {}
[WARN ] 2019-08-28T19:10:17,609Z [main] contracts.TransactionState.<init> - State class bootcamp.TokenState is not annotated with @BelongsToContract, and does not have an enclosing class which implements Contract. Annotate TokenState with @BelongsToContract(bootcamp.TokenContract.class) to remove this warning. {}
[INFO ] 2019-08-28T19:10:17,612Z [main] model.LocalTypeInformationBuilder.buildNonAtomic - Properties of type bootcamp.TokenState do not satisfy its constructor, type has been marked as non-composable {}
[INFO ] 2019-08-28T19:10:22,948Z [main] cordapp.JarScanningCordappLoader.<init> - Loading CorDapps from RestrictedURL(url=file:/C:/Users/angel/Documents/corda/bootcamp-cordapp/build/generated-custom-cordapps/20190828-191022.507/custom-cordapp_1_4_55982f79-e3f2-410a-8745-7e7953d07a65.jar, rootPackageName=null) {}
[INFO ] 2019-08-28T19:10:22,971Z [main] cordapp.JarScanningCordappLoader.scanCordapp - Scanning CorDapp in file:/C:/Users/angel/Documents/corda/bootcamp-cordapp/build/generated-custom-cordapps/20190828-191022.507/custom-cordapp_1_4_55982f79-e3f2-410a-8745-7e7953d07a65.jar {}
[INFO ] 2019-08-28T19:10:23,014Z [main] cordapp.JarScanningCordappLoader.findNotaryService - Found notary service CorDapp implementations:  {}
[WARN ] 2019-08-28T19:10:23,714Z [main] contracts.TransactionState.<init> - State class bootcamp.TokenState is not annotated with @BelongsToContract, and does not have an enclosing class which implements Contract. Annotate TokenState with @BelongsToContract(bootcamp.TokenContract.class) to remove this warning. {}
[WARN ] 2019-08-28T19:10:23,716Z [main] contracts.TransactionState.<init> - State class bootcamp.TokenState is not annotated with @BelongsToContract, and does not have an enclosing class which implements Contract. Annotate TokenState with @BelongsToContract(bootcamp.TokenContract.class) to remove this warning. {}
[WARN ] 2019-08-28T19:10:23,730Z [main] contracts.TransactionState.<init> - State class bootcamp.TokenState is not annotated with @BelongsToContract, and does not have an enclosing class which implements Contract. Annotate TokenState with @BelongsToContract(bootcamp.TokenContract.class) to remove this warning. {}
[WARN ] 2019-08-28T19:10:23,730Z [main] contracts.TransactionState.<init> - State class bootcamp.TokenState is not annotated with @BelongsToContract, and does not have an enclosing class which implements Contract. Annotate TokenState with @BelongsToContract(bootcamp.TokenContract.class) to remove this warning. {}
[INFO ] 2019-08-28T19:10:23,770Z [main] model.LocalTypeInformationBuilder.buildNonAtomic - Properties of type bootcamp.TokenState do not satisfy its constructor, type has been marked as non-composable {}
[WARN ] 2019-08-28T19:10:23,789Z [main] contracts.TransactionState.<init> - State class bootcamp.TokenState is not annotated with @BelongsToContract, and does not have an enclosing class which implements Contract. Annotate TokenState with @BelongsToContract(bootcamp.TokenContract.class) to remove this warning. {}
[WARN ] 2019-08-28T19:10:23,799Z [main] contracts.TransactionState.<init> - State class bootcamp.TokenState is not annotated with @BelongsToContract, and does not have an enclosing class which implements Contract. Annotate TokenState with @BelongsToContract(bootcamp.TokenContract.class) to remove this warning. {}
[INFO ] 2019-08-28T19:10:23,802Z [main] model.LocalTypeInformationBuilder.buildNonAtomic - Properties of type bootcamp.TokenState do not satisfy its constructor, type has been marked as non-composable {}
[INFO ] 2019-08-28T19:12:41,366Z [main] cordapp.JarScanningCordappLoader.<init> - Loading CorDapps from RestrictedURL(url=file:/C:/Users/angel/Documents/corda/bootcamp-cordapp/build/generated-custom-cordapps/20190828-191240.975/custom-cordapp_1_4_1eeedee5-b973-493c-a5a1-ffc2d848db09.jar, rootPackageName=null) {}
[INFO ] 2019-08-28T19:12:41,390Z [main] cordapp.JarScanningCordappLoader.scanCordapp - Scanning CorDapp in file:/C:/Users/angel/Documents/corda/bootcamp-cordapp/build/generated-custom-cordapps/20190828-191240.975/custom-cordapp_1_4_1eeedee5-b973-493c-a5a1-ffc2d848db09.jar {}
[INFO ] 2019-08-28T19:12:41,433Z [main] cordapp.JarScanningCordappLoader.findNotaryService - Found notary service CorDapp implementations:  {}
[WARN ] 2019-08-28T19:12:42,136Z [main] contracts.TransactionState.<init> - State class bootcamp.TokenState is not annotated with @BelongsToContract, and does not have an enclosing class which implements Contract. Annotate TokenState with @BelongsToContract(bootcamp.TokenContract.class) to remove this warning. {}
[WARN ] 2019-08-28T19:12:42,138Z [main] contracts.TransactionState.<init> - State class bootcamp.TokenState is not annotated with @BelongsToContract, and does not have an enclosing class which implements Contract. Annotate TokenState with @BelongsToContract(bootcamp.TokenContract.class) to remove this warning. {}
[WARN ] 2019-08-28T19:12:42,151Z [main] contracts.TransactionState.<init> - State class bootcamp.TokenState is not annotated with @BelongsToContract, and does not have an enclosing class which implements Contract. Annotate TokenState with @BelongsToContract(bootcamp.TokenContract.class) to remove this warning. {}
[WARN ] 2019-08-28T19:12:42,151Z [main] contracts.TransactionState.<init> - State class bootcamp.TokenState is not annotated with @BelongsToContract, and does not have an enclosing class which implements Contract. Annotate TokenState with @BelongsToContract(bootcamp.TokenContract.class) to remove this warning. {}
[INFO ] 2019-08-28T19:12:42,189Z [main] model.LocalTypeInformationBuilder.buildNonAtomic - Properties of type bootcamp.TokenState do not satisfy its constructor, type has been marked as non-composable {}
[WARN ] 2019-08-28T19:12:42,207Z [main] contracts.TransactionState.<init> - State class bootcamp.TokenState is not annotated with @BelongsToContract, and does not have an enclosing class which implements Contract. Annotate TokenState with @BelongsToContract(bootcamp.TokenContract.class) to remove this warning. {}
[WARN ] 2019-08-28T19:12:42,216Z [main] contracts.TransactionState.<init> - State class bootcamp.TokenState is not annotated with @BelongsToContract, and does not have an enclosing class which implements Contract. Annotate TokenState with @BelongsToContract(bootcamp.TokenContract.class) to remove this warning. {}
[INFO ] 2019-08-28T19:12:42,220Z [main] model.LocalTypeInformationBuilder.buildNonAtomic - Properties of type bootcamp.TokenState do not satisfy its constructor, type has been marked as non-composable {}
[INFO ] 2019-08-28T19:13:11,897Z [main] cordapp.JarScanningCordappLoader.<init> - Loading CorDapps from RestrictedURL(url=file:/C:/Users/angel/Documents/corda/bootcamp-cordapp/build/generated-custom-cordapps/20190828-191311.520/custom-cordapp_1_4_9a3dedc9-47a5-4cfd-9935-8a7cfb6de6ef.jar, rootPackageName=null) {}
[INFO ] 2019-08-28T19:13:11,922Z [main] cordapp.JarScanningCordappLoader.scanCordapp - Scanning CorDapp in file:/C:/Users/angel/Documents/corda/bootcamp-cordapp/build/generated-custom-cordapps/20190828-191311.520/custom-cordapp_1_4_9a3dedc9-47a5-4cfd-9935-8a7cfb6de6ef.jar {}
[INFO ] 2019-08-28T19:13:11,968Z [main] cordapp.JarScanningCordappLoader.findNotaryService - Found notary service CorDapp implementations:  {}
[WARN ] 2019-08-28T19:13:12,703Z [main] contracts.TransactionState.<init> - State class bootcamp.TokenState is not annotated with @BelongsToContract, and does not have an enclosing class which implements Contract. Annotate TokenState with @BelongsToContract(bootcamp.TokenContract.class) to remove this warning. {}
[WARN ] 2019-08-28T19:13:12,708Z [main] contracts.AttachmentConstraint.warnOnce - Found state bootcamp.TokenContract that is constrained by the insecure: AlwaysAcceptAttachmentConstraint. {}
[INFO ] 2019-08-28T19:13:12,751Z [main] model.LocalTypeInformationBuilder.buildNonAtomic - Properties of type bootcamp.TokenState do not satisfy its constructor, type has been marked as non-composable {}
[INFO ] 2019-08-28T19:16:48,101Z [main] cordapp.JarScanningCordappLoader.<init> - Loading CorDapps from RestrictedURL(url=file:/C:/Users/angel/Documents/corda/bootcamp-cordapp/build/generated-custom-cordapps/20190828-191647.718/custom-cordapp_1_4_666d47bb-4be2-4eda-add1-0548e230270b.jar, rootPackageName=null) {}
[INFO ] 2019-08-28T19:16:48,125Z [main] cordapp.JarScanningCordappLoader.scanCordapp - Scanning CorDapp in file:/C:/Users/angel/Documents/corda/bootcamp-cordapp/build/generated-custom-cordapps/20190828-191647.718/custom-cordapp_1_4_666d47bb-4be2-4eda-add1-0548e230270b.jar {}
[INFO ] 2019-08-28T19:16:48,168Z [main] cordapp.JarScanningCordappLoader.findNotaryService - Found notary service CorDapp implementations:  {}
[WARN ] 2019-08-28T19:16:48,877Z [main] contracts.TransactionState.<init> - State class bootcamp.TokenState is not annotated with @BelongsToContract, and does not have an enclosing class which implements Contract. Annotate TokenState with @BelongsToContract(bootcamp.TokenContract.class) to remove this warning. {}
[WARN ] 2019-08-28T19:16:48,881Z [main] contracts.AttachmentConstraint.warnOnce - Found state bootcamp.TokenContract that is constrained by the insecure: AlwaysAcceptAttachmentConstraint. {}
[INFO ] 2019-08-28T19:17:06,887Z [main] cordapp.JarScanningCordappLoader.<init> - Loading CorDapps from RestrictedURL(url=file:/C:/Users/angel/Documents/corda/bootcamp-cordapp/build/generated-custom-cordapps/20190828-191706.507/custom-cordapp_1_4_86ccafb3-b314-47e4-afd5-93c8db764237.jar, rootPackageName=null) {}
[INFO ] 2019-08-28T19:17:06,912Z [main] cordapp.JarScanningCordappLoader.scanCordapp - Scanning CorDapp in file:/C:/Users/angel/Documents/corda/bootcamp-cordapp/build/generated-custom-cordapps/20190828-191706.507/custom-cordapp_1_4_86ccafb3-b314-47e4-afd5-93c8db764237.jar {}
[INFO ] 2019-08-28T19:17:06,955Z [main] cordapp.JarScanningCordappLoader.findNotaryService - Found notary service CorDapp implementations:  {}
[WARN ] 2019-08-28T19:17:07,676Z [main] contracts.TransactionState.<init> - State class bootcamp.TokenState is not annotated with @BelongsToContract, and does not have an enclosing class which implements Contract. Annotate TokenState with @BelongsToContract(bootcamp.TokenContract.class) to remove this warning. {}
[WARN ] 2019-08-28T19:17:07,681Z [main] contracts.AttachmentConstraint.warnOnce - Found state bootcamp.TokenContract that is constrained by the insecure: AlwaysAcceptAttachmentConstraint. {}
[INFO ] 2019-08-28T19:18:44,830Z [main] cordapp.JarScanningCordappLoader.<init> - Loading CorDapps from RestrictedURL(url=file:/C:/Users/angel/Documents/corda/bootcamp-cordapp/build/generated-custom-cordapps/20190828-191844.439/custom-cordapp_1_4_1173f4e7-503d-4481-ac32-93acdc7264ae.jar, rootPackageName=null) {}
[INFO ] 2019-08-28T19:18:44,854Z [main] cordapp.JarScanningCordappLoader.scanCordapp - Scanning CorDapp in file:/C:/Users/angel/Documents/corda/bootcamp-cordapp/build/generated-custom-cordapps/20190828-191844.439/custom-cordapp_1_4_1173f4e7-503d-4481-ac32-93acdc7264ae.jar {}
[INFO ] 2019-08-28T19:18:44,899Z [main] cordapp.JarScanningCordappLoader.findNotaryService - Found notary service CorDapp implementations:  {}
[WARN ] 2019-08-28T19:18:45,615Z [main] contracts.TransactionState.<init> - State class bootcamp.TokenState is not annotated with @BelongsToContract, and does not have an enclosing class which implements Contract. Annotate TokenState with @BelongsToContract(bootcamp.TokenContract.class) to remove this warning. {}
[WARN ] 2019-08-28T19:18:45,619Z [main] contracts.AttachmentConstraint.warnOnce - Found state bootcamp.TokenContract that is constrained by the insecure: AlwaysAcceptAttachmentConstraint. {}
[INFO ] 2019-08-28T19:20:47,753Z [main] cordapp.JarScanningCordappLoader.<init> - Loading CorDapps from RestrictedURL(url=file:/C:/Users/angel/Documents/corda/bootcamp-cordapp/build/generated-custom-cordapps/20190828-192047.342/custom-cordapp_1_4_1953aef3-61cb-462b-a81e-76384038012e.jar, rootPackageName=null) {}
[INFO ] 2019-08-28T19:20:47,778Z [main] cordapp.JarScanningCordappLoader.scanCordapp - Scanning CorDapp in file:/C:/Users/angel/Documents/corda/bootcamp-cordapp/build/generated-custom-cordapps/20190828-192047.342/custom-cordapp_1_4_1953aef3-61cb-462b-a81e-76384038012e.jar {}
[INFO ] 2019-08-28T19:20:47,822Z [main] cordapp.JarScanningCordappLoader.findNotaryService - Found notary service CorDapp implementations:  {}
[WARN ] 2019-08-28T19:20:48,548Z [main] contracts.TransactionState.<init> - State class bootcamp.TokenState is not annotated with @BelongsToContract, and does not have an enclosing class which implements Contract. Annotate TokenState with @BelongsToContract(bootcamp.TokenContract.class) to remove this warning. {}
[WARN ] 2019-08-28T19:20:48,553Z [main] contracts.AttachmentConstraint.warnOnce - Found state bootcamp.TokenContract that is constrained by the insecure: AlwaysAcceptAttachmentConstraint. {}
[INFO ] 2019-08-28T19:21:23,868Z [main] cordapp.JarScanningCordappLoader.<init> - Loading CorDapps from RestrictedURL(url=file:/C:/Users/angel/Documents/corda/bootcamp-cordapp/build/generated-custom-cordapps/20190828-192123.613/custom-cordapp_1_4_95b7a4d5-01bd-4b0a-b55d-53c74f8a410a.jar, rootPackageName=null) {}
[INFO ] 2019-08-28T19:21:23,893Z [main] cordapp.JarScanningCordappLoader.scanCordapp - Scanning CorDapp in file:/C:/Users/angel/Documents/corda/bootcamp-cordapp/build/generated-custom-cordapps/20190828-192123.613/custom-cordapp_1_4_95b7a4d5-01bd-4b0a-b55d-53c74f8a410a.jar {}
[INFO ] 2019-08-28T19:21:23,922Z [main] cordapp.JarScanningCordappLoader.findNotaryService - Found notary service CorDapp implementations:  {}
[WARN ] 2019-08-28T19:21:24,595Z [main] contracts.TransactionState.<init> - State class bootcamp.TokenState is not annotated with @BelongsToContract, and does not have an enclosing class which implements Contract. Annotate TokenState with @BelongsToContract(bootcamp.TokenContract.class) to remove this warning. {}
[INFO ] 2019-08-28T19:21:42,505Z [main] cordapp.JarScanningCordappLoader.<init> - Loading CorDapps from RestrictedURL(url=file:/C:/Users/angel/Documents/corda/bootcamp-cordapp/build/generated-custom-cordapps/20190828-192142.107/custom-cordapp_1_4_1b9344dd-1c01-4735-a894-cb52ec16f914.jar, rootPackageName=null) {}
[INFO ] 2019-08-28T19:21:42,530Z [main] cordapp.JarScanningCordappLoader.scanCordapp - Scanning CorDapp in file:/C:/Users/angel/Documents/corda/bootcamp-cordapp/build/generated-custom-cordapps/20190828-192142.107/custom-cordapp_1_4_1b9344dd-1c01-4735-a894-cb52ec16f914.jar {}
[INFO ] 2019-08-28T19:21:42,573Z [main] cordapp.JarScanningCordappLoader.findNotaryService - Found notary service CorDapp implementations:  {}
[WARN ] 2019-08-28T19:21:43,276Z [main] contracts.TransactionState.<init> - State class bootcamp.TokenState is not annotated with @BelongsToContract, and does not have an enclosing class which implements Contract. Annotate TokenState with @BelongsToContract(bootcamp.TokenContract.class) to remove this warning. {}
[WARN ] 2019-08-28T19:21:43,280Z [main] contracts.AttachmentConstraint.warnOnce - Found state bootcamp.TokenContract that is constrained by the insecure: AlwaysAcceptAttachmentConstraint. {}
[INFO ] 2019-08-28T19:25:32,330Z [main] cordapp.JarScanningCordappLoader.<init> - Loading CorDapps from RestrictedURL(url=file:/C:/Users/angel/Documents/corda/bootcamp-cordapp/build/generated-custom-cordapps/20190828-192531.911/custom-cordapp_1_4_bf53f9d2-a3a4-49bc-8f34-c7e28e64225e.jar, rootPackageName=null) {}
[INFO ] 2019-08-28T19:25:32,354Z [main] cordapp.JarScanningCordappLoader.scanCordapp - Scanning CorDapp in file:/C:/Users/angel/Documents/corda/bootcamp-cordapp/build/generated-custom-cordapps/20190828-192531.911/custom-cordapp_1_4_bf53f9d2-a3a4-49bc-8f34-c7e28e64225e.jar {}
[INFO ] 2019-08-28T19:25:32,398Z [main] cordapp.JarScanningCordappLoader.findNotaryService - Found notary service CorDapp implementations:  {}
[INFO ] 2019-08-28T19:27:03,462Z [main] cordapp.JarScanningCordappLoader.<init> - Loading CorDapps from RestrictedURL(url=file:/C:/Users/angel/Documents/corda/bootcamp-cordapp/build/generated-custom-cordapps/20190828-192703.074/custom-cordapp_1_4_45637f8f-591f-4ee1-b45a-a2e496888c2d.jar, rootPackageName=null) {}
[INFO ] 2019-08-28T19:27:03,487Z [main] cordapp.JarScanningCordappLoader.scanCordapp - Scanning CorDapp in file:/C:/Users/angel/Documents/corda/bootcamp-cordapp/build/generated-custom-cordapps/20190828-192703.074/custom-cordapp_1_4_45637f8f-591f-4ee1-b45a-a2e496888c2d.jar {}
[INFO ] 2019-08-28T19:27:03,530Z [main] cordapp.JarScanningCordappLoader.findNotaryService - Found notary service CorDapp implementations:  {}
[WARN ] 2019-08-28T19:27:04,253Z [main] contracts.TransactionState.<init> - State class bootcamp.TokenState is not annotated with @BelongsToContract, and does not have an enclosing class which implements Contract. Annotate TokenState with @BelongsToContract(bootcamp.TokenContract.class) to remove this warning. {}
[WARN ] 2019-08-28T19:27:04,258Z [main] contracts.AttachmentConstraint.warnOnce - Found state bootcamp.TokenContract that is constrained by the insecure: AlwaysAcceptAttachmentConstraint. {}
[INFO ] 2019-08-28T19:28:40,868Z [main] cordapp.JarScanningCordappLoader.<init> - Loading CorDapps from RestrictedURL(url=file:/C:/Users/angel/Documents/corda/bootcamp-cordapp/build/generated-custom-cordapps/20190828-192840.452/custom-cordapp_1_4_6d32e83a-c791-4e1a-b583-0a2c4f34126d.jar, rootPackageName=null) {}
[INFO ] 2019-08-28T19:28:40,893Z [main] cordapp.JarScanningCordappLoader.scanCordapp - Scanning CorDapp in file:/C:/Users/angel/Documents/corda/bootcamp-cordapp/build/generated-custom-cordapps/20190828-192840.452/custom-cordapp_1_4_6d32e83a-c791-4e1a-b583-0a2c4f34126d.jar {}
[INFO ] 2019-08-28T19:28:40,937Z [main] cordapp.JarScanningCordappLoader.findNotaryService - Found notary service CorDapp implementations:  {}
[WARN ] 2019-08-28T19:28:41,650Z [main] contracts.TransactionState.<init> - State class bootcamp.TokenState is not annotated with @BelongsToContract, and does not have an enclosing class which implements Contract. Annotate TokenState with @BelongsToContract(bootcamp.TokenContract.class) to remove this warning. {}
[WARN ] 2019-08-28T19:28:41,654Z [main] contracts.AttachmentConstraint.warnOnce - Found state bootcamp.TokenContract that is constrained by the insecure: AlwaysAcceptAttachmentConstraint. {}
[INFO ] 2019-08-28T19:31:50,588Z [main] cordapp.JarScanningCordappLoader.<init> - Loading CorDapps from RestrictedURL(url=file:/C:/Users/angel/Documents/corda/bootcamp-cordapp/build/generated-custom-cordapps/20190828-193150.201/custom-cordapp_1_4_fc64d5b6-da5e-45b1-a3af-65ebb8a6e6b7.jar, rootPackageName=null) {}
[INFO ] 2019-08-28T19:31:50,612Z [main] cordapp.JarScanningCordappLoader.scanCordapp - Scanning CorDapp in file:/C:/Users/angel/Documents/corda/bootcamp-cordapp/build/generated-custom-cordapps/20190828-193150.201/custom-cordapp_1_4_fc64d5b6-da5e-45b1-a3af-65ebb8a6e6b7.jar {}
[INFO ] 2019-08-28T19:31:50,655Z [main] cordapp.JarScanningCordappLoader.findNotaryService - Found notary service CorDapp implementations:  {}
[WARN ] 2019-08-28T19:31:51,396Z [main] contracts.TransactionState.<init> - State class bootcamp.TokenState is not annotated with @BelongsToContract, and does not have an enclosing class which implements Contract. Annotate TokenState with @BelongsToContract(bootcamp.TokenContract.class) to remove this warning. {}
[WARN ] 2019-08-28T19:31:51,400Z [main] contracts.AttachmentConstraint.warnOnce - Found state bootcamp.TokenContract that is constrained by the insecure: AlwaysAcceptAttachmentConstraint. {}
[INFO ] 2019-08-28T19:34:07,313Z [main] cordapp.JarScanningCordappLoader.<init> - Loading CorDapps from RestrictedURL(url=file:/C:/Users/angel/Documents/corda/bootcamp-cordapp/build/generated-custom-cordapps/20190828-193406.914/custom-cordapp_1_4_176c09ab-d7e1-40ec-acc2-9800fcf653b9.jar, rootPackageName=null) {}
[INFO ] 2019-08-28T19:34:07,338Z [main] cordapp.JarScanningCordappLoader.scanCordapp - Scanning CorDapp in file:/C:/Users/angel/Documents/corda/bootcamp-cordapp/build/generated-custom-cordapps/20190828-193406.914/custom-cordapp_1_4_176c09ab-d7e1-40ec-acc2-9800fcf653b9.jar {}
[INFO ] 2019-08-28T19:34:07,381Z [main] cordapp.JarScanningCordappLoader.findNotaryService - Found notary service CorDapp implementations:  {}
[WARN ] 2019-08-28T19:34:08,107Z [main] contracts.TransactionState.<init> - State class bootcamp.TokenState is not annotated with @BelongsToContract, and does not have an enclosing class which implements Contract. Annotate TokenState with @BelongsToContract(bootcamp.TokenContract.class) to remove this warning. {}
[WARN ] 2019-08-28T19:34:08,111Z [main] contracts.AttachmentConstraint.warnOnce - Found state bootcamp.TokenContract that is constrained by the insecure: AlwaysAcceptAttachmentConstraint. {}
[INFO ] 2019-08-28T19:34:08,155Z [main] model.LocalTypeInformationBuilder.buildNonAtomic - Properties of type bootcamp.TokenState do not satisfy its constructor, type has been marked as non-composable {}
[INFO ] 2019-08-28T19:37:43,582Z [main] cordapp.JarScanningCordappLoader.<init> - Loading CorDapps from RestrictedURL(url=file:/C:/Users/angel/Documents/corda/bootcamp-cordapp/build/generated-custom-cordapps/20190828-193743.157/custom-cordapp_1_4_1c98d042-2f01-4c36-844c-3cd8f671d44d.jar, rootPackageName=null) {}
[INFO ] 2019-08-28T19:37:43,606Z [main] cordapp.JarScanningCordappLoader.scanCordapp - Scanning CorDapp in file:/C:/Users/angel/Documents/corda/bootcamp-cordapp/build/generated-custom-cordapps/20190828-193743.157/custom-cordapp_1_4_1c98d042-2f01-4c36-844c-3cd8f671d44d.jar {}
[INFO ] 2019-08-28T19:37:43,652Z [main] cordapp.JarScanningCordappLoader.findNotaryService - Found notary service CorDapp implementations:  {}
[WARN ] 2019-08-28T19:37:44,361Z [main] contracts.TransactionState.<init> - State class bootcamp.TokenState is not annotated with @BelongsToContract, and does not have an enclosing class which implements Contract. Annotate TokenState with @BelongsToContract(java_bootcamp.TokenContract.class) to remove this warning. {}
[INFO ] 2019-08-28T19:44:59,460Z [main] cordapp.JarScanningCordappLoader.<init> - Loading CorDapps from RestrictedURL(url=file:/C:/Users/angel/Documents/corda/bootcamp-cordapp/build/generated-custom-cordapps/20190828-194459.071/custom-cordapp_1_4_bf3fa26a-a256-4083-9cea-18c842a28cf5.jar, rootPackageName=null) {}
[INFO ] 2019-08-28T19:44:59,484Z [main] cordapp.JarScanningCordappLoader.scanCordapp - Scanning CorDapp in file:/C:/Users/angel/Documents/corda/bootcamp-cordapp/build/generated-custom-cordapps/20190828-194459.071/custom-cordapp_1_4_bf3fa26a-a256-4083-9cea-18c842a28cf5.jar {}
[INFO ] 2019-08-28T19:44:59,529Z [main] cordapp.JarScanningCordappLoader.findNotaryService - Found notary service CorDapp implementations:  {}
[WARN ] 2019-08-28T19:45:00,252Z [main] contracts.TransactionState.<init> - State class bootcamp.TokenState belongs to contract bootcamp.TokenContract, but is bundled with contract java_bootcamp.TokenContract in TransactionState. Annotate TokenState with @BelongsToContract(java_bootcamp.TokenContract.class) to remove this warning. {}
[INFO ] 2019-08-28T19:47:10,971Z [main] cordapp.JarScanningCordappLoader.<init> - Loading CorDapps from RestrictedURL(url=file:/C:/Users/angel/Documents/corda/bootcamp-cordapp/build/generated-custom-cordapps/20190828-194710.590/custom-cordapp_1_4_477fb30a-2343-4825-b8bb-2fb9e0694b41.jar, rootPackageName=null) {}
[INFO ] 2019-08-28T19:47:10,995Z [main] cordapp.JarScanningCordappLoader.scanCordapp - Scanning CorDapp in file:/C:/Users/angel/Documents/corda/bootcamp-cordapp/build/generated-custom-cordapps/20190828-194710.590/custom-cordapp_1_4_477fb30a-2343-4825-b8bb-2fb9e0694b41.jar {}
[INFO ] 2019-08-28T19:47:11,039Z [main] cordapp.JarScanningCordappLoader.findNotaryService - Found notary service CorDapp implementations:  {}
[WARN ] 2019-08-28T19:47:11,751Z [main] contracts.TransactionState.<init> - State class bootcamp.TokenState belongs to contract bootcamp.TokenContract, but is bundled with contract java_bootcamp.TokenContract in TransactionState. Annotate TokenState with @BelongsToContract(java_bootcamp.TokenContract.class) to remove this warning. {}
[INFO ] 2019-08-28T19:48:08,868Z [main] cordapp.JarScanningCordappLoader.<init> - Loading CorDapps from RestrictedURL(url=file:/C:/Users/angel/Documents/corda/bootcamp-cordapp/build/generated-custom-cordapps/20190828-194808.467/custom-cordapp_1_4_9d80d522-ec3d-49a9-a44d-1d34d677cd5e.jar, rootPackageName=null) {}
[INFO ] 2019-08-28T19:48:08,893Z [main] cordapp.JarScanningCordappLoader.scanCordapp - Scanning CorDapp in file:/C:/Users/angel/Documents/corda/bootcamp-cordapp/build/generated-custom-cordapps/20190828-194808.467/custom-cordapp_1_4_9d80d522-ec3d-49a9-a44d-1d34d677cd5e.jar {}
[INFO ] 2019-08-28T19:48:08,939Z [main] cordapp.JarScanningCordappLoader.findNotaryService - Found notary service CorDapp implementations:  {}
[WARN ] 2019-08-28T19:48:09,662Z [main] contracts.AttachmentConstraint.warnOnce - Found state bootcamp.TokenContract that is constrained by the insecure: AlwaysAcceptAttachmentConstraint. {}
[INFO ] 2019-08-28T19:48:09,705Z [main] model.LocalTypeInformationBuilder.buildNonAtomic - Properties of type bootcamp.TokenState do not satisfy its constructor, type has been marked as non-composable {}
[INFO ] 2019-08-28T19:59:05,745Z [main] cordapp.JarScanningCordappLoader.<init> - Loading CorDapps from RestrictedURL(url=file:/C:/Users/angel/Documents/corda/bootcamp-cordapp/build/generated-custom-cordapps/20190828-195905.297/custom-cordapp_1_4_2d8ce4d4-f7dc-4336-ac17-4777d8f2a7b9.jar, rootPackageName=null) {}
[INFO ] 2019-08-28T19:59:05,773Z [main] cordapp.JarScanningCordappLoader.scanCordapp - Scanning CorDapp in file:/C:/Users/angel/Documents/corda/bootcamp-cordapp/build/generated-custom-cordapps/20190828-195905.297/custom-cordapp_1_4_2d8ce4d4-f7dc-4336-ac17-4777d8f2a7b9.jar {}
[INFO ] 2019-08-28T19:59:05,828Z [main] cordapp.JarScanningCordappLoader.findNotaryService - Found notary service CorDapp implementations:  {}
[WARN ] 2019-08-28T20:11:09,852Z [main] contracts.AttachmentConstraint.warnOnce - Found state bootcamp.TokenContract that is constrained by the insecure: AlwaysAcceptAttachmentConstraint. {}
[INFO ] 2019-08-28T20:11:12,783Z [main] cordapp.JarScanningCordappLoader.<init> - Loading CorDapps from RestrictedURL(url=file:/C:/Users/angel/Documents/corda/bootcamp-cordapp/build/generated-custom-cordapps/20190828-201112.368/custom-cordapp_1_4_201cc132-7a12-401e-b69c-10d0e62713e7.jar, rootPackageName=null) {}
[INFO ] 2019-08-28T20:11:12,812Z [main] cordapp.JarScanningCordappLoader.scanCordapp - Scanning CorDapp in file:/C:/Users/angel/Documents/corda/bootcamp-cordapp/build/generated-custom-cordapps/20190828-201112.368/custom-cordapp_1_4_201cc132-7a12-401e-b69c-10d0e62713e7.jar {}
[INFO ] 2019-08-28T20:11:12,868Z [main] cordapp.JarScanningCordappLoader.findNotaryService - Found notary service CorDapp implementations:  {}
[WARN ] 2019-08-28T20:11:13,765Z [main] contracts.AttachmentConstraint.warnOnce - Found state bootcamp.TokenContract that is constrained by the insecure: AlwaysAcceptAttachmentConstraint. {}
[INFO ] 2019-08-28T20:11:13,811Z [main] model.LocalTypeInformationBuilder.buildNonAtomic - Properties of type bootcamp.TokenState do not satisfy its constructor, type has been marked as non-composable {}
[INFO ] 2019-08-28T20:11:22,364Z [main] cordapp.JarScanningCordappLoader.<init> - Loading CorDapps from RestrictedURL(url=file:/C:/Users/angel/Documents/corda/bootcamp-cordapp/build/generated-custom-cordapps/20190828-201121.928/custom-cordapp_1_4_f0abda23-d8be-4313-b35f-827975f268ab.jar, rootPackageName=null) {}
[INFO ] 2019-08-28T20:11:22,392Z [main] cordapp.JarScanningCordappLoader.scanCordapp - Scanning CorDapp in file:/C:/Users/angel/Documents/corda/bootcamp-cordapp/build/generated-custom-cordapps/20190828-201121.928/custom-cordapp_1_4_f0abda23-d8be-4313-b35f-827975f268ab.jar {}
[INFO ] 2019-08-28T20:11:22,446Z [main] cordapp.JarScanningCordappLoader.findNotaryService - Found notary service CorDapp implementations:  {}
[WARN ] 2019-08-28T20:11:23,435Z [main] contracts.AttachmentConstraint.warnOnce - Found state bootcamp.TokenContract that is constrained by the insecure: AlwaysAcceptAttachmentConstraint. {}
[INFO ] 2019-08-28T20:11:23,480Z [main] model.LocalTypeInformationBuilder.buildNonAtomic - Properties of type bootcamp.TokenState do not satisfy its constructor, type has been marked as non-composable {}
[INFO ] 2019-08-28T20:13:41,755Z [main] cordapp.JarScanningCordappLoader.<init> - Loading CorDapps from RestrictedURL(url=file:/C:/Users/angel/Documents/corda/bootcamp-cordapp/build/generated-custom-cordapps/20190828-201341.366/custom-cordapp_1_4_061964db-95f3-4b33-bfd3-1777457330e8.jar, rootPackageName=null) {}
[INFO ] 2019-08-28T20:13:41,781Z [main] cordapp.JarScanningCordappLoader.scanCordapp - Scanning CorDapp in file:/C:/Users/angel/Documents/corda/bootcamp-cordapp/build/generated-custom-cordapps/20190828-201341.366/custom-cordapp_1_4_061964db-95f3-4b33-bfd3-1777457330e8.jar {}
[INFO ] 2019-08-28T20:13:41,823Z [main] cordapp.JarScanningCordappLoader.findNotaryService - Found notary service CorDapp implementations:  {}
[WARN ] 2019-08-28T20:13:42,540Z [main] contracts.AttachmentConstraint.warnOnce - Found state bootcamp.TokenContract that is constrained by the insecure: AlwaysAcceptAttachmentConstraint. {}
[INFO ] 2019-08-28T20:13:42,584Z [main] model.LocalTypeInformationBuilder.buildNonAtomic - Properties of type bootcamp.TokenState do not satisfy its constructor, type has been marked as non-composable {}
[INFO ] 2019-08-28T20:17:06,749Z [main] cordapp.JarScanningCordappLoader.<init> - Loading CorDapps from RestrictedURL(url=file:/C:/Users/angel/Documents/corda/bootcamp-cordapp/build/generated-custom-cordapps/20190828-201706.321/custom-cordapp_1_4_abfe9b09-97c1-4fba-bd6f-3d6bd0d3646c.jar, rootPackageName=null) {}
[INFO ] 2019-08-28T20:17:06,775Z [main] cordapp.JarScanningCordappLoader.scanCordapp - Scanning CorDapp in file:/C:/Users/angel/Documents/corda/bootcamp-cordapp/build/generated-custom-cordapps/20190828-201706.321/custom-cordapp_1_4_abfe9b09-97c1-4fba-bd6f-3d6bd0d3646c.jar {}
[INFO ] 2019-08-28T20:17:06,821Z [main] cordapp.JarScanningCordappLoader.findNotaryService - Found notary service CorDapp implementations:  {}
[WARN ] 2019-08-28T20:17:07,554Z [main] contracts.AttachmentConstraint.warnOnce - Found state bootcamp.TokenContract that is constrained by the insecure: AlwaysAcceptAttachmentConstraint. {}
[INFO ] 2019-08-28T20:17:07,598Z [main] model.LocalTypeInformationBuilder.buildNonAtomic - Properties of type bootcamp.TokenState do not satisfy its constructor, type has been marked as non-composable {}
[INFO ] 2019-08-28T20:18:50,152Z [main] cordapp.JarScanningCordappLoader.<init> - Loading CorDapps from RestrictedURL(url=file:/C:/Users/angel/Documents/corda/bootcamp-cordapp/build/generated-custom-cordapps/20190828-201849.763/custom-cordapp_1_4_2d795135-3d29-4172-b57b-273507cfc8bd.jar, rootPackageName=null) {}
[INFO ] 2019-08-28T20:18:50,176Z [main] cordapp.JarScanningCordappLoader.scanCordapp - Scanning CorDapp in file:/C:/Users/angel/Documents/corda/bootcamp-cordapp/build/generated-custom-cordapps/20190828-201849.763/custom-cordapp_1_4_2d795135-3d29-4172-b57b-273507cfc8bd.jar {}
[INFO ] 2019-08-28T20:18:50,222Z [main] cordapp.JarScanningCordappLoader.findNotaryService - Found notary service CorDapp implementations:  {}
[WARN ] 2019-08-28T20:18:50,949Z [main] contracts.AttachmentConstraint.warnOnce - Found state bootcamp.TokenContract that is constrained by the insecure: AlwaysAcceptAttachmentConstraint. {}
[INFO ] 2019-08-28T20:18:50,992Z [main] model.LocalTypeInformationBuilder.buildNonAtomic - Properties of type bootcamp.TokenState do not satisfy its constructor, type has been marked as non-composable {}
[INFO ] 2019-08-28T20:20:10,104Z [main] cordapp.JarScanningCordappLoader.<init> - Loading CorDapps from RestrictedURL(url=file:/C:/Users/angel/Documents/corda/bootcamp-cordapp/build/generated-custom-cordapps/20190828-202009.717/custom-cordapp_1_4_c8c8c7f4-07a8-4863-82a4-4c13c509d5b4.jar, rootPackageName=null) {}
[INFO ] 2019-08-28T20:20:10,128Z [main] cordapp.JarScanningCordappLoader.scanCordapp - Scanning CorDapp in file:/C:/Users/angel/Documents/corda/bootcamp-cordapp/build/generated-custom-cordapps/20190828-202009.717/custom-cordapp_1_4_c8c8c7f4-07a8-4863-82a4-4c13c509d5b4.jar {}
[INFO ] 2019-08-28T20:20:10,173Z [main] cordapp.JarScanningCordappLoader.findNotaryService - Found notary service CorDapp implementations:  {}
[WARN ] 2019-08-28T20:20:10,889Z [main] contracts.AttachmentConstraint.warnOnce - Found state bootcamp.TokenContract that is constrained by the insecure: AlwaysAcceptAttachmentConstraint. {}
[INFO ] 2019-08-28T20:20:10,932Z [main] model.LocalTypeInformationBuilder.buildNonAtomic - Properties of type bootcamp.TokenState do not satisfy its constructor, type has been marked as non-composable {}
[INFO ] 2019-08-28T20:21:47,623Z [main] cordapp.JarScanningCordappLoader.<init> - Loading CorDapps from RestrictedURL(url=file:/C:/Users/angel/Documents/corda/bootcamp-cordapp/build/generated-custom-cordapps/20190828-202147.244/custom-cordapp_1_4_142e024c-9351-4dd1-9822-33b5a403c17f.jar, rootPackageName=null) {}
[INFO ] 2019-08-28T20:21:47,648Z [main] cordapp.JarScanningCordappLoader.scanCordapp - Scanning CorDapp in file:/C:/Users/angel/Documents/corda/bootcamp-cordapp/build/generated-custom-cordapps/20190828-202147.244/custom-cordapp_1_4_142e024c-9351-4dd1-9822-33b5a403c17f.jar {}
[INFO ] 2019-08-28T20:21:47,693Z [main] cordapp.JarScanningCordappLoader.findNotaryService - Found notary service CorDapp implementations:  {}
[INFO ] 2019-08-28T20:21:48,453Z [main] model.LocalTypeInformationBuilder.buildNonAtomic - Properties of type bootcamp.TokenState do not satisfy its constructor, type has been marked as non-composable {}
[INFO ] 2019-08-28T20:21:48,484Z [main] model.LocalTypeInformationBuilder.buildNonAtomic - Properties of type bootcamp.TokenState do not satisfy its constructor, type has been marked as non-composable {}
[INFO ] 2019-08-28T20:22:36,468Z [main] cordapp.JarScanningCordappLoader.<init> - Loading CorDapps from RestrictedURL(url=file:/C:/Users/angel/Documents/corda/bootcamp-cordapp/build/generated-custom-cordapps/20190828-202236.079/custom-cordapp_1_4_de62a562-05a6-41a1-bdf5-e646ace7378f.jar, rootPackageName=null) {}
[INFO ] 2019-08-28T20:22:36,493Z [main] cordapp.JarScanningCordappLoader.scanCordapp - Scanning CorDapp in file:/C:/Users/angel/Documents/corda/bootcamp-cordapp/build/generated-custom-cordapps/20190828-202236.079/custom-cordapp_1_4_de62a562-05a6-41a1-bdf5-e646ace7378f.jar {}
[INFO ] 2019-08-28T20:22:36,538Z [main] cordapp.JarScanningCordappLoader.findNotaryService - Found notary service CorDapp implementations:  {}
[WARN ] 2019-08-28T20:22:37,253Z [main] contracts.AttachmentConstraint.warnOnce - Found state bootcamp.TokenContract that is constrained by the insecure: AlwaysAcceptAttachmentConstraint. {}
[INFO ] 2019-08-28T20:22:37,296Z [main] model.LocalTypeInformationBuilder.buildNonAtomic - Properties of type bootcamp.TokenState do not satisfy its constructor, type has been marked as non-composable {}
[INFO ] 2019-08-28T20:27:36,930Z [main] cordapp.JarScanningCordappLoader.<init> - Loading CorDapps from RestrictedURL(url=file:/C:/Users/angel/Documents/corda/bootcamp-cordapp/build/generated-custom-cordapps/20190828-202736.538/custom-cordapp_1_4_be29f8ad-fe2c-46d3-81ee-3a619a83c594.jar, rootPackageName=null) {}
[INFO ] 2019-08-28T20:27:36,954Z [main] cordapp.JarScanningCordappLoader.scanCordapp - Scanning CorDapp in file:/C:/Users/angel/Documents/corda/bootcamp-cordapp/build/generated-custom-cordapps/20190828-202736.538/custom-cordapp_1_4_be29f8ad-fe2c-46d3-81ee-3a619a83c594.jar {}
[INFO ] 2019-08-28T20:27:36,999Z [main] cordapp.JarScanningCordappLoader.findNotaryService - Found notary service CorDapp implementations:  {}
[WARN ] 2019-08-28T20:27:37,722Z [main] contracts.AttachmentConstraint.warnOnce - Found state bootcamp.TokenContract that is constrained by the insecure: AlwaysAcceptAttachmentConstraint. {}
[INFO ] 2019-08-28T20:27:37,764Z [main] model.LocalTypeInformationBuilder.buildNonAtomic - Properties of type bootcamp.TokenState do not satisfy its constructor, type has been marked as non-composable {}
[INFO ] 2019-08-28T20:27:56,516Z [main] cordapp.JarScanningCordappLoader.<init> - Loading CorDapps from RestrictedURL(url=file:/C:/Users/angel/Documents/corda/bootcamp-cordapp/build/generated-custom-cordapps/20190828-202756.127/custom-cordapp_1_4_ca260dd0-9d29-4dda-b143-5757bae8b731.jar, rootPackageName=null) {}
[INFO ] 2019-08-28T20:27:56,540Z [main] cordapp.JarScanningCordappLoader.scanCordapp - Scanning CorDapp in file:/C:/Users/angel/Documents/corda/bootcamp-cordapp/build/generated-custom-cordapps/20190828-202756.127/custom-cordapp_1_4_ca260dd0-9d29-4dda-b143-5757bae8b731.jar {}
[INFO ] 2019-08-28T20:27:56,584Z [main] cordapp.JarScanningCordappLoader.findNotaryService - Found notary service CorDapp implementations:  {}
[WARN ] 2019-08-28T20:27:57,310Z [main] contracts.AttachmentConstraint.warnOnce - Found state bootcamp.TokenContract that is constrained by the insecure: AlwaysAcceptAttachmentConstraint. {}
[INFO ] 2019-08-28T20:27:57,353Z [main] model.LocalTypeInformationBuilder.buildNonAtomic - Properties of type bootcamp.TokenState do not satisfy its constructor, type has been marked as non-composable {}
[INFO ] 2019-08-28T20:28:35,202Z [main] cordapp.JarScanningCordappLoader.<init> - Loading CorDapps from RestrictedURL(url=file:/C:/Users/angel/Documents/corda/bootcamp-cordapp/build/generated-custom-cordapps/20190828-202834.816/custom-cordapp_1_4_8ca59c2a-5aec-4b67-b1d8-f518417861bb.jar, rootPackageName=null) {}
[INFO ] 2019-08-28T20:28:35,228Z [main] cordapp.JarScanningCordappLoader.scanCordapp - Scanning CorDapp in file:/C:/Users/angel/Documents/corda/bootcamp-cordapp/build/generated-custom-cordapps/20190828-202834.816/custom-cordapp_1_4_8ca59c2a-5aec-4b67-b1d8-f518417861bb.jar {}
[INFO ] 2019-08-28T20:28:35,277Z [main] cordapp.JarScanningCordappLoader.findNotaryService - Found notary service CorDapp implementations:  {}
[WARN ] 2019-08-28T20:28:36,044Z [main] contracts.AttachmentConstraint.warnOnce - Found state bootcamp.TokenContract that is constrained by the insecure: AlwaysAcceptAttachmentConstraint. {}
[INFO ] 2019-08-28T20:28:36,087Z [main] model.LocalTypeInformationBuilder.buildNonAtomic - Properties of type bootcamp.TokenState do not satisfy its constructor, type has been marked as non-composable {}
[INFO ] 2019-08-28T20:29:43,480Z [main] cordapp.JarScanningCordappLoader.<init> - Loading CorDapps from RestrictedURL(url=file:/C:/Users/angel/Documents/corda/bootcamp-cordapp/build/generated-custom-cordapps/20190828-202943.078/custom-cordapp_1_4_8e219f44-27e8-454e-ab55-b06bb7069508.jar, rootPackageName=null) {}
[INFO ] 2019-08-28T20:29:43,505Z [main] cordapp.JarScanningCordappLoader.scanCordapp - Scanning CorDapp in file:/C:/Users/angel/Documents/corda/bootcamp-cordapp/build/generated-custom-cordapps/20190828-202943.078/custom-cordapp_1_4_8e219f44-27e8-454e-ab55-b06bb7069508.jar {}
[INFO ] 2019-08-28T20:29:43,555Z [main] cordapp.JarScanningCordappLoader.findNotaryService - Found notary service CorDapp implementations:  {}
[INFO ] 2019-08-28T20:29:44,330Z [main] model.LocalTypeInformationBuilder.buildNonAtomic - Properties of type bootcamp.TokenState do not satisfy its constructor, type has been marked as non-composable {}
[INFO ] 2019-08-28T20:29:44,361Z [main] model.LocalTypeInformationBuilder.buildNonAtomic - Properties of type bootcamp.TokenState do not satisfy its constructor, type has been marked as non-composable {}
[INFO ] 2019-08-28T20:29:50,875Z [main] cordapp.JarScanningCordappLoader.<init> - Loading CorDapps from RestrictedURL(url=file:/C:/Users/angel/Documents/corda/bootcamp-cordapp/build/generated-custom-cordapps/20190828-202950.494/custom-cordapp_1_4_dbbfdc6d-39f7-4e01-882f-d08fb1f034eb.jar, rootPackageName=null) {}
[INFO ] 2019-08-28T20:29:50,899Z [main] cordapp.JarScanningCordappLoader.scanCordapp - Scanning CorDapp in file:/C:/Users/angel/Documents/corda/bootcamp-cordapp/build/generated-custom-cordapps/20190828-202950.494/custom-cordapp_1_4_dbbfdc6d-39f7-4e01-882f-d08fb1f034eb.jar {}
[INFO ] 2019-08-28T20:29:50,944Z [main] cordapp.JarScanningCordappLoader.findNotaryService - Found notary service CorDapp implementations:  {}
[WARN ] 2019-08-28T20:29:51,685Z [main] contracts.AttachmentConstraint.warnOnce - Found state bootcamp.TokenContract that is constrained by the insecure: AlwaysAcceptAttachmentConstraint. {}
[INFO ] 2019-08-28T20:29:51,729Z [main] model.LocalTypeInformationBuilder.buildNonAtomic - Properties of type bootcamp.TokenState do not satisfy its constructor, type has been marked as non-composable {}
[INFO ] 2019-08-28T20:30:01,907Z [main] cordapp.JarScanningCordappLoader.<init> - Loading CorDapps from RestrictedURL(url=file:/C:/Users/angel/Documents/corda/bootcamp-cordapp/build/generated-custom-cordapps/20190828-203001.531/custom-cordapp_1_4_4e71ee59-5be9-49be-a430-28180466af22.jar, rootPackageName=null) {}
[INFO ] 2019-08-28T20:30:01,931Z [main] cordapp.JarScanningCordappLoader.scanCordapp - Scanning CorDapp in file:/C:/Users/angel/Documents/corda/bootcamp-cordapp/build/generated-custom-cordapps/20190828-203001.531/custom-cordapp_1_4_4e71ee59-5be9-49be-a430-28180466af22.jar {}
[INFO ] 2019-08-28T20:30:01,976Z [main] cordapp.JarScanningCordappLoader.findNotaryService - Found notary service CorDapp implementations:  {}
[INFO ] 2019-08-28T20:30:11,156Z [main] cordapp.JarScanningCordappLoader.<init> - Loading CorDapps from RestrictedURL(url=file:/C:/Users/angel/Documents/corda/bootcamp-cordapp/build/generated-custom-cordapps/20190828-203010.762/custom-cordapp_1_4_e24875a1-4e49-445c-b451-081fd463d56d.jar, rootPackageName=null) {}
[INFO ] 2019-08-28T20:30:11,180Z [main] cordapp.JarScanningCordappLoader.scanCordapp - Scanning CorDapp in file:/C:/Users/angel/Documents/corda/bootcamp-cordapp/build/generated-custom-cordapps/20190828-203010.762/custom-cordapp_1_4_e24875a1-4e49-445c-b451-081fd463d56d.jar {}
[INFO ] 2019-08-28T20:30:11,226Z [main] cordapp.JarScanningCordappLoader.findNotaryService - Found notary service CorDapp implementations:  {}
[WARN ] 2019-08-28T20:30:11,938Z [main] contracts.AttachmentConstraint.warnOnce - Found state bootcamp.TokenContract that is constrained by the insecure: AlwaysAcceptAttachmentConstraint. {}
[INFO ] 2019-08-28T20:30:11,981Z [main] model.LocalTypeInformationBuilder.buildNonAtomic - Properties of type bootcamp.TokenState do not satisfy its constructor, type has been marked as non-composable {}
[INFO ] 2019-08-28T20:35:19,850Z [main] cordapp.JarScanningCordappLoader.<init> - Loading CorDapps from RestrictedURL(url=file:/C:/Users/angel/Documents/corda/bootcamp-cordapp/build/generated-custom-cordapps/20190828-203519.465/custom-cordapp_1_4_1432d820-5482-482e-8d12-6ddf5d9b75b7.jar, rootPackageName=null) {}
[INFO ] 2019-08-28T20:35:19,874Z [main] cordapp.JarScanningCordappLoader.scanCordapp - Scanning CorDapp in file:/C:/Users/angel/Documents/corda/bootcamp-cordapp/build/generated-custom-cordapps/20190828-203519.465/custom-cordapp_1_4_1432d820-5482-482e-8d12-6ddf5d9b75b7.jar {}
[INFO ] 2019-08-28T20:35:19,919Z [main] cordapp.JarScanningCordappLoader.findNotaryService - Found notary service CorDapp implementations:  {}
[WARN ] 2019-08-28T20:35:20,636Z [main] contracts.AttachmentConstraint.warnOnce - Found state bootcamp.TokenContract that is constrained by the insecure: AlwaysAcceptAttachmentConstraint. {}
[INFO ] 2019-08-28T20:35:47,316Z [main] cordapp.JarScanningCordappLoader.<init> - Loading CorDapps from RestrictedURL(url=file:/C:/Users/angel/Documents/corda/bootcamp-cordapp/build/generated-custom-cordapps/20190828-203546.931/custom-cordapp_1_4_cc858eed-0720-4468-a5ed-1d32827fbce5.jar, rootPackageName=null) {}
[INFO ] 2019-08-28T20:35:47,342Z [main] cordapp.JarScanningCordappLoader.scanCordapp - Scanning CorDapp in file:/C:/Users/angel/Documents/corda/bootcamp-cordapp/build/generated-custom-cordapps/20190828-203546.931/custom-cordapp_1_4_cc858eed-0720-4468-a5ed-1d32827fbce5.jar {}
[INFO ] 2019-08-28T20:35:47,387Z [main] cordapp.JarScanningCordappLoader.findNotaryService - Found notary service CorDapp implementations:  {}
[WARN ] 2019-08-28T20:35:48,139Z [main] contracts.AttachmentConstraint.warnOnce - Found state bootcamp.TokenContract that is constrained by the insecure: AlwaysAcceptAttachmentConstraint. {}
[INFO ] 2019-08-28T20:36:19,965Z [main] cordapp.JarScanningCordappLoader.<init> - Loading CorDapps from RestrictedURL(url=file:/C:/Users/angel/Documents/corda/bootcamp-cordapp/build/generated-custom-cordapps/20190828-203619.556/custom-cordapp_1_4_67d97e4d-a20d-4ff4-8c30-a36529771ba3.jar, rootPackageName=null) {}
[INFO ] 2019-08-28T20:36:19,990Z [main] cordapp.JarScanningCordappLoader.scanCordapp - Scanning CorDapp in file:/C:/Users/angel/Documents/corda/bootcamp-cordapp/build/generated-custom-cordapps/20190828-203619.556/custom-cordapp_1_4_67d97e4d-a20d-4ff4-8c30-a36529771ba3.jar {}
[INFO ] 2019-08-28T20:36:20,035Z [main] cordapp.JarScanningCordappLoader.findNotaryService - Found notary service CorDapp implementations:  {}
[WARN ] 2019-08-28T20:36:20,766Z [main] contracts.TransactionState.<init> - State class bootcamp.TokenState is not annotated with @BelongsToContract, and does not have an enclosing class which implements Contract. Annotate TokenState with @BelongsToContract(bootcamp.TokenContract.class) to remove this warning. {}
[WARN ] 2019-08-28T20:36:20,770Z [main] contracts.AttachmentConstraint.warnOnce - Found state bootcamp.TokenContract that is constrained by the insecure: AlwaysAcceptAttachmentConstraint. {}
[INFO ] 2019-08-28T20:38:23,680Z [main] cordapp.JarScanningCordappLoader.<init> - Loading CorDapps from RestrictedURL(url=file:/C:/Users/angel/Documents/corda/bootcamp-cordapp/build/generated-custom-cordapps/20190828-203823.289/custom-cordapp_1_4_043f1317-c4ac-4672-8ed1-ea65105e0f4b.jar, rootPackageName=null) {}
[INFO ] 2019-08-28T20:38:23,706Z [main] cordapp.JarScanningCordappLoader.scanCordapp - Scanning CorDapp in file:/C:/Users/angel/Documents/corda/bootcamp-cordapp/build/generated-custom-cordapps/20190828-203823.289/custom-cordapp_1_4_043f1317-c4ac-4672-8ed1-ea65105e0f4b.jar {}
[INFO ] 2019-08-28T20:38:23,753Z [main] cordapp.JarScanningCordappLoader.findNotaryService - Found notary service CorDapp implementations:  {}
[WARN ] 2019-08-28T20:38:24,477Z [main] contracts.AttachmentConstraint.warnOnce - Found state bootcamp.TokenContract that is constrained by the insecure: AlwaysAcceptAttachmentConstraint. {}
[INFO ] 2019-08-28T20:39:22,984Z [main] cordapp.JarScanningCordappLoader.<init> - Loading CorDapps from RestrictedURL(url=file:/C:/Users/angel/Documents/corda/bootcamp-cordapp/build/generated-custom-cordapps/20190828-203922.588/custom-cordapp_1_4_7ab12a2d-2bd8-4c81-a952-e7c78cc68792.jar, rootPackageName=null) {}
[INFO ] 2019-08-28T20:39:23,009Z [main] cordapp.JarScanningCordappLoader.scanCordapp - Scanning CorDapp in file:/C:/Users/angel/Documents/corda/bootcamp-cordapp/build/generated-custom-cordapps/20190828-203922.588/custom-cordapp_1_4_7ab12a2d-2bd8-4c81-a952-e7c78cc68792.jar {}
[INFO ] 2019-08-28T20:39:23,052Z [main] cordapp.JarScanningCordappLoader.findNotaryService - Found notary service CorDapp implementations:  {}
[INFO ] 2019-08-28T20:43:12,729Z [main] cordapp.JarScanningCordappLoader.<init> - Loading CorDapps from RestrictedURL(url=file:/C:/Users/angel/Documents/corda/bootcamp-cordapp/build/generated-custom-cordapps/20190828-204312.348/custom-cordapp_1_4_3c2a0f3f-2332-42e1-8bf0-ed0eb51fd876.jar, rootPackageName=null) {}
[INFO ] 2019-08-28T20:43:12,752Z [main] cordapp.JarScanningCordappLoader.scanCordapp - Scanning CorDapp in file:/C:/Users/angel/Documents/corda/bootcamp-cordapp/build/generated-custom-cordapps/20190828-204312.348/custom-cordapp_1_4_3c2a0f3f-2332-42e1-8bf0-ed0eb51fd876.jar {}
[INFO ] 2019-08-28T20:43:12,796Z [main] cordapp.JarScanningCordappLoader.findNotaryService - Found notary service CorDapp implementations:  {}
[INFO ] 2019-08-28T20:43:30,901Z [main] cordapp.JarScanningCordappLoader.<init> - Loading CorDapps from RestrictedURL(url=file:/C:/Users/angel/Documents/corda/bootcamp-cordapp/build/generated-custom-cordapps/20190828-204330.518/custom-cordapp_1_4_00ee5ccf-f31f-46b4-9614-f16d5b089666.jar, rootPackageName=null) {}
[INFO ] 2019-08-28T20:43:30,926Z [main] cordapp.JarScanningCordappLoader.scanCordapp - Scanning CorDapp in file:/C:/Users/angel/Documents/corda/bootcamp-cordapp/build/generated-custom-cordapps/20190828-204330.518/custom-cordapp_1_4_00ee5ccf-f31f-46b4-9614-f16d5b089666.jar {}
[INFO ] 2019-08-28T20:43:30,974Z [main] cordapp.JarScanningCordappLoader.findNotaryService - Found notary service CorDapp implementations:  {}
[WARN ] 2019-08-28T20:43:31,714Z [main] contracts.AttachmentConstraint.warnOnce - Found state bootcamp.TokenContract that is constrained by the insecure: AlwaysAcceptAttachmentConstraint. {}
[INFO ] 2019-08-28T20:48:32,094Z [main] cordapp.JarScanningCordappLoader.<init> - Loading CorDapps from RestrictedURL(url=file:/C:/Users/angel/Documents/corda/bootcamp-cordapp/build/generated-custom-cordapps/20190828-204831.681/custom-cordapp_1_4_7e1fe4d3-5eb0-4cdd-9a69-b8187b4d4add.jar, rootPackageName=null) {}
[INFO ] 2019-08-28T20:48:32,120Z [main] cordapp.JarScanningCordappLoader.scanCordapp - Scanning CorDapp in file:/C:/Users/angel/Documents/corda/bootcamp-cordapp/build/generated-custom-cordapps/20190828-204831.681/custom-cordapp_1_4_7e1fe4d3-5eb0-4cdd-9a69-b8187b4d4add.jar {}
[INFO ] 2019-08-28T20:48:32,164Z [main] cordapp.JarScanningCordappLoader.findNotaryService - Found notary service CorDapp implementations:  {}
[WARN ] 2019-08-28T20:48:32,934Z [main] contracts.TransactionState.<init> - State class bootcamp.TokenState is not annotated with @BelongsToContract, and does not have an enclosing class which implements Contract. Annotate TokenState with @BelongsToContract(bootcamp.TokenContract.class) to remove this warning. {}
[WARN ] 2019-08-28T20:48:32,937Z [main] contracts.TransactionState.<init> - State class bootcamp.TokenState is not annotated with @BelongsToContract, and does not have an enclosing class which implements Contract. Annotate TokenState with @BelongsToContract(bootcamp.TokenContract.class) to remove this warning. {}
[WARN ] 2019-08-28T20:48:32,956Z [main] contracts.TransactionState.<init> - State class bootcamp.TokenState is not annotated with @BelongsToContract, and does not have an enclosing class which implements Contract. Annotate TokenState with @BelongsToContract(bootcamp.TokenContract.class) to remove this warning. {}
[WARN ] 2019-08-28T20:48:32,956Z [main] contracts.TransactionState.<init> - State class bootcamp.TokenState is not annotated with @BelongsToContract, and does not have an enclosing class which implements Contract. Annotate TokenState with @BelongsToContract(bootcamp.TokenContract.class) to remove this warning. {}
[WARN ] 2019-08-28T20:48:33,852Z [main] contracts.TransactionState.<init> - State class bootcamp.TokenState is not annotated with @BelongsToContract, and does not have an enclosing class which implements Contract. Annotate TokenState with @BelongsToContract(bootcamp.TokenContract.class) to remove this warning. {}
[WARN ] 2019-08-28T20:48:33,863Z [main] contracts.TransactionState.<init> - State class bootcamp.TokenState is not annotated with @BelongsToContract, and does not have an enclosing class which implements Contract. Annotate TokenState with @BelongsToContract(bootcamp.TokenContract.class) to remove this warning. {}
[INFO ] 2019-08-28T20:48:34,504Z [main] cordapp.JarScanningCordappLoader.<init> - Loading CorDapps from RestrictedURL(url=file:/C:/Users/angel/Documents/corda/bootcamp-cordapp/build/generated-custom-cordapps/20190828-204831.681/custom-cordapp_1_4_7e1fe4d3-5eb0-4cdd-9a69-b8187b4d4add.jar, rootPackageName=null) {}
[INFO ] 2019-08-28T20:48:34,505Z [main] cordapp.JarScanningCordappLoader.scanCordapp - Scanning CorDapp in file:/C:/Users/angel/Documents/corda/bootcamp-cordapp/build/generated-custom-cordapps/20190828-204831.681/custom-cordapp_1_4_7e1fe4d3-5eb0-4cdd-9a69-b8187b4d4add.jar {}
[INFO ] 2019-08-28T20:48:34,531Z [main] cordapp.JarScanningCordappLoader.findNotaryService - Found notary service CorDapp implementations:  {}
[INFO ] 2019-08-28T20:48:34,665Z [main] cordapp.JarScanningCordappLoader.<init> - Loading CorDapps from RestrictedURL(url=file:/C:/Users/angel/Documents/corda/bootcamp-cordapp/build/generated-custom-cordapps/20190828-204831.681/custom-cordapp_1_4_7e1fe4d3-5eb0-4cdd-9a69-b8187b4d4add.jar, rootPackageName=null) {}
[INFO ] 2019-08-28T20:48:34,665Z [main] cordapp.JarScanningCordappLoader.scanCordapp - Scanning CorDapp in file:/C:/Users/angel/Documents/corda/bootcamp-cordapp/build/generated-custom-cordapps/20190828-204831.681/custom-cordapp_1_4_7e1fe4d3-5eb0-4cdd-9a69-b8187b4d4add.jar {}
[INFO ] 2019-08-28T20:48:34,688Z [main] cordapp.JarScanningCordappLoader.findNotaryService - Found notary service CorDapp implementations:  {}
[WARN ] 2019-08-28T20:48:34,830Z [main] contracts.TransactionState.<init> - State class bootcamp.TokenState is not annotated with @BelongsToContract, and does not have an enclosing class which implements Contract. Annotate TokenState with @BelongsToContract(bootcamp.TokenContract.class) to remove this warning. {}
[WARN ] 2019-08-28T20:48:34,832Z [main] contracts.AttachmentConstraint.warnOnce - Found state bootcamp.TokenContract that is constrained by the insecure: AlwaysAcceptAttachmentConstraint. {}
[INFO ] 2019-08-28T20:48:48,834Z [main] cordapp.JarScanningCordappLoader.<init> - Loading CorDapps from RestrictedURL(url=file:/C:/Users/angel/Documents/corda/bootcamp-cordapp/build/generated-custom-cordapps/20190828-204848.427/custom-cordapp_1_4_88018e80-8696-45ff-aec5-21aaad2c8e2a.jar, rootPackageName=null) {}
[INFO ] 2019-08-28T20:48:48,859Z [main] cordapp.JarScanningCordappLoader.scanCordapp - Scanning CorDapp in file:/C:/Users/angel/Documents/corda/bootcamp-cordapp/build/generated-custom-cordapps/20190828-204848.427/custom-cordapp_1_4_88018e80-8696-45ff-aec5-21aaad2c8e2a.jar {}
[INFO ] 2019-08-28T20:48:48,903Z [main] cordapp.JarScanningCordappLoader.findNotaryService - Found notary service CorDapp implementations:  {}
[WARN ] 2019-08-28T20:48:49,620Z [main] contracts.TransactionState.<init> - State class bootcamp.TokenState is not annotated with @BelongsToContract, and does not have an enclosing class which implements Contract. Annotate TokenState with @BelongsToContract(bootcamp.TokenContract.class) to remove this warning. {}
[WARN ] 2019-08-28T20:48:49,625Z [main] contracts.AttachmentConstraint.warnOnce - Found state bootcamp.TokenContract that is constrained by the insecure: AlwaysAcceptAttachmentConstraint. {}
[INFO ] 2019-08-28T20:49:56,350Z [main] cordapp.JarScanningCordappLoader.<init> - Loading CorDapps from RestrictedURL(url=file:/C:/Users/angel/Documents/corda/bootcamp-cordapp/build/generated-custom-cordapps/20190828-204955.955/custom-cordapp_1_4_3ce491f1-8175-4033-a1f4-e9918322fda2.jar, rootPackageName=null) {}
[INFO ] 2019-08-28T20:49:56,374Z [main] cordapp.JarScanningCordappLoader.scanCordapp - Scanning CorDapp in file:/C:/Users/angel/Documents/corda/bootcamp-cordapp/build/generated-custom-cordapps/20190828-204955.955/custom-cordapp_1_4_3ce491f1-8175-4033-a1f4-e9918322fda2.jar {}
[INFO ] 2019-08-28T20:49:56,419Z [main] cordapp.JarScanningCordappLoader.findNotaryService - Found notary service CorDapp implementations:  {}
[WARN ] 2019-08-28T20:49:57,144Z [main] contracts.AttachmentConstraint.warnOnce - Found state bootcamp.TokenContract that is constrained by the insecure: AlwaysAcceptAttachmentConstraint. {}
[INFO ] 2019-08-28T20:55:24,766Z [main] cordapp.JarScanningCordappLoader.<init> - Loading CorDapps from RestrictedURL(url=file:/C:/Users/angel/Documents/corda/bootcamp-cordapp/build/generated-custom-cordapps/20190828-205524.356/custom-cordapp_1_4_8aaac411-992d-4e2a-a132-ba9ab5ced015.jar, rootPackageName=null) {}
[INFO ] 2019-08-28T20:55:24,790Z [main] cordapp.JarScanningCordappLoader.scanCordapp - Scanning CorDapp in file:/C:/Users/angel/Documents/corda/bootcamp-cordapp/build/generated-custom-cordapps/20190828-205524.356/custom-cordapp_1_4_8aaac411-992d-4e2a-a132-ba9ab5ced015.jar {}
[INFO ] 2019-08-28T20:55:24,836Z [main] cordapp.JarScanningCordappLoader.findNotaryService - Found notary service CorDapp implementations:  {}
[WARN ] 2019-08-28T20:55:25,544Z [main] contracts.AttachmentConstraint.warnOnce - Found state bootcamp.TokenContract that is constrained by the insecure: AlwaysAcceptAttachmentConstraint. {}
[INFO ] 2019-08-28T20:55:40,258Z [main] cordapp.JarScanningCordappLoader.<init> - Loading CorDapps from RestrictedURL(url=file:/C:/Users/angel/Documents/corda/bootcamp-cordapp/build/generated-custom-cordapps/20190828-205539.847/custom-cordapp_1_4_85e2c13e-65ba-4054-9427-1dc296e13828.jar, rootPackageName=null) {}
[INFO ] 2019-08-28T20:55:40,283Z [main] cordapp.JarScanningCordappLoader.scanCordapp - Scanning CorDapp in file:/C:/Users/angel/Documents/corda/bootcamp-cordapp/build/generated-custom-cordapps/20190828-205539.847/custom-cordapp_1_4_85e2c13e-65ba-4054-9427-1dc296e13828.jar {}
[INFO ] 2019-08-28T20:55:40,329Z [main] cordapp.JarScanningCordappLoader.findNotaryService - Found notary service CorDapp implementations:  {}
[WARN ] 2019-08-28T20:55:41,060Z [main] contracts.AttachmentConstraint.warnOnce - Found state bootcamp.TokenContract that is constrained by the insecure: AlwaysAcceptAttachmentConstraint. {}
[INFO ] 2019-08-28T20:55:47,389Z [main] cordapp.JarScanningCordappLoader.<init> - Loading CorDapps from RestrictedURL(url=file:/C:/Users/angel/Documents/corda/bootcamp-cordapp/build/generated-custom-cordapps/20190828-205546.970/custom-cordapp_1_4_d1629836-0786-418c-9b8a-58b0ee9b4930.jar, rootPackageName=null) {}
[INFO ] 2019-08-28T20:55:47,415Z [main] cordapp.JarScanningCordappLoader.scanCordapp - Scanning CorDapp in file:/C:/Users/angel/Documents/corda/bootcamp-cordapp/build/generated-custom-cordapps/20190828-205546.970/custom-cordapp_1_4_d1629836-0786-418c-9b8a-58b0ee9b4930.jar {}
[INFO ] 2019-08-28T20:55:47,468Z [main] cordapp.JarScanningCordappLoader.findNotaryService - Found notary service CorDapp implementations:  {}
[WARN ] 2019-08-28T20:55:48,441Z [main] contracts.AttachmentConstraint.warnOnce - Found state bootcamp.TokenContract that is constrained by the insecure: AlwaysAcceptAttachmentConstraint. {}
[INFO ] 2019-08-28T20:55:56,499Z [main] cordapp.JarScanningCordappLoader.<init> - Loading CorDapps from RestrictedURL(url=file:/C:/Users/angel/Documents/corda/bootcamp-cordapp/build/generated-custom-cordapps/20190828-205556.066/custom-cordapp_1_4_c7493255-5570-4dcc-9ace-91aadad3feac.jar, rootPackageName=null) {}
[INFO ] 2019-08-28T20:55:56,526Z [main] cordapp.JarScanningCordappLoader.scanCordapp - Scanning CorDapp in file:/C:/Users/angel/Documents/corda/bootcamp-cordapp/build/generated-custom-cordapps/20190828-205556.066/custom-cordapp_1_4_c7493255-5570-4dcc-9ace-91aadad3feac.jar {}
[INFO ] 2019-08-28T20:55:56,582Z [main] cordapp.JarScanningCordappLoader.findNotaryService - Found notary service CorDapp implementations:  {}
[WARN ] 2019-08-28T20:55:57,559Z [main] contracts.AttachmentConstraint.warnOnce - Found state bootcamp.TokenContract that is constrained by the insecure: AlwaysAcceptAttachmentConstraint. {}
[INFO ] 2019-08-28T21:04:06,733Z [main] cordapp.JarScanningCordappLoader.<init> - Loading CorDapps from RestrictedURL(url=file:/C:/Users/angel/Documents/corda/bootcamp-cordapp/build/generated-custom-cordapps/20190828-210406.311/custom-cordapp_1_4_412aac21-5f9f-49ee-8d6d-aace065cb0e1.jar, rootPackageName=null) {}
[INFO ] 2019-08-28T21:04:06,757Z [main] cordapp.JarScanningCordappLoader.scanCordapp - Scanning CorDapp in file:/C:/Users/angel/Documents/corda/bootcamp-cordapp/build/generated-custom-cordapps/20190828-210406.311/custom-cordapp_1_4_412aac21-5f9f-49ee-8d6d-aace065cb0e1.jar {}
[INFO ] 2019-08-28T21:04:06,802Z [main] cordapp.JarScanningCordappLoader.findNotaryService - Found notary service CorDapp implementations:  {}
[INFO ] 2019-08-28T21:04:20,659Z [main] cordapp.JarScanningCordappLoader.<init> - Loading CorDapps from RestrictedURL(url=file:/C:/Users/angel/Documents/corda/bootcamp-cordapp/build/generated-custom-cordapps/20190828-210420.261/custom-cordapp_1_4_e3d876d2-8c59-445a-bd02-d1b68002f3cf.jar, rootPackageName=null) {}
[INFO ] 2019-08-28T21:04:20,683Z [main] cordapp.JarScanningCordappLoader.scanCordapp - Scanning CorDapp in file:/C:/Users/angel/Documents/corda/bootcamp-cordapp/build/generated-custom-cordapps/20190828-210420.261/custom-cordapp_1_4_e3d876d2-8c59-445a-bd02-d1b68002f3cf.jar {}
[INFO ] 2019-08-28T21:04:20,728Z [main] cordapp.JarScanningCordappLoader.findNotaryService - Found notary service CorDapp implementations:  {}
[WARN ] 2019-08-28T21:04:21,435Z [main] contracts.AttachmentConstraint.warnOnce - Found state bootcamp.TokenContract that is constrained by the insecure: AlwaysAcceptAttachmentConstraint. {}
[INFO ] 2019-08-28T21:25:40,663Z [main] cordapp.JarScanningCordappLoader.<init> - Loading CorDapps from RestrictedURL(url=file:/C:/Users/angel/Documents/corda/bootcamp-cordapp/build/generated-custom-cordapps/20190828-212540.269/custom-cordapp_1_4_480f61df-8d11-4d25-904a-8bac5936e47e.jar, rootPackageName=null) {}
[INFO ] 2019-08-28T21:25:40,687Z [main] cordapp.JarScanningCordappLoader.scanCordapp - Scanning CorDapp in file:/C:/Users/angel/Documents/corda/bootcamp-cordapp/build/generated-custom-cordapps/20190828-212540.269/custom-cordapp_1_4_480f61df-8d11-4d25-904a-8bac5936e47e.jar {}
[INFO ] 2019-08-28T21:25:40,734Z [main] cordapp.JarScanningCordappLoader.findNotaryService - Found notary service CorDapp implementations:  {}
[INFO ] 2019-08-28T21:25:42,888Z [main] cordapp.JarScanningCordappLoader.<init> - Loading CorDapps from RestrictedURL(url=file:/C:/Users/angel/Documents/corda/bootcamp-cordapp/build/generated-custom-cordapps/20190828-212540.269/custom-cordapp_1_4_480f61df-8d11-4d25-904a-8bac5936e47e.jar, rootPackageName=null) {}
[INFO ] 2019-08-28T21:25:42,888Z [main] cordapp.JarScanningCordappLoader.scanCordapp - Scanning CorDapp in file:/C:/Users/angel/Documents/corda/bootcamp-cordapp/build/generated-custom-cordapps/20190828-212540.269/custom-cordapp_1_4_480f61df-8d11-4d25-904a-8bac5936e47e.jar {}
[INFO ] 2019-08-28T21:25:42,924Z [main] cordapp.JarScanningCordappLoader.findNotaryService - Found notary service CorDapp implementations:  {}
[INFO ] 2019-08-28T21:25:43,037Z [main] cordapp.JarScanningCordappLoader.<init> - Loading CorDapps from RestrictedURL(url=file:/C:/Users/angel/Documents/corda/bootcamp-cordapp/build/generated-custom-cordapps/20190828-212540.269/custom-cordapp_1_4_480f61df-8d11-4d25-904a-8bac5936e47e.jar, rootPackageName=null) {}
[INFO ] 2019-08-28T21:25:43,037Z [main] cordapp.JarScanningCordappLoader.scanCordapp - Scanning CorDapp in file:/C:/Users/angel/Documents/corda/bootcamp-cordapp/build/generated-custom-cordapps/20190828-212540.269/custom-cordapp_1_4_480f61df-8d11-4d25-904a-8bac5936e47e.jar {}
[INFO ] 2019-08-28T21:25:43,059Z [main] cordapp.JarScanningCordappLoader.findNotaryService - Found notary service CorDapp implementations:  {}
[WARN ] 2019-08-28T21:25:43,173Z [main] contracts.AttachmentConstraint.warnOnce - Found state bootcamp.TokenContract that is constrained by the insecure: AlwaysAcceptAttachmentConstraint. {}
[INFO ] 2019-08-28T21:25:57,934Z [main] cordapp.JarScanningCordappLoader.<init> - Loading CorDapps from RestrictedURL(url=file:/C:/Users/angel/Documents/corda/bootcamp-cordapp/build/generated-custom-cordapps/20190828-212557.535/custom-cordapp_1_4_1359ca88-f4ce-4433-8e83-37c5c76cfe45.jar, rootPackageName=null) {}
[INFO ] 2019-08-28T21:25:57,957Z [main] cordapp.JarScanningCordappLoader.scanCordapp - Scanning CorDapp in file:/C:/Users/angel/Documents/corda/bootcamp-cordapp/build/generated-custom-cordapps/20190828-212557.535/custom-cordapp_1_4_1359ca88-f4ce-4433-8e83-37c5c76cfe45.jar {}
[INFO ] 2019-08-28T21:25:58,002Z [main] cordapp.JarScanningCordappLoader.findNotaryService - Found notary service CorDapp implementations:  {}
[WARN ] 2019-08-28T21:25:58,719Z [main] contracts.AttachmentConstraint.warnOnce - Found state bootcamp.TokenContract that is constrained by the insecure: AlwaysAcceptAttachmentConstraint. {}
[INFO ] 2019-08-28T21:44:30,896Z [main] cordapp.JarScanningCordappLoader.<init> - Loading CorDapps from RestrictedURL(url=file:/C:/Users/angel/Documents/corda/bootcamp-cordapp/build/generated-custom-cordapps/20190828-214430.513/custom-cordapp_1_4_7ed6debf-5146-4716-a33f-8e89aa54eea9.jar, rootPackageName=null) {}
[INFO ] 2019-08-28T21:44:30,920Z [main] cordapp.JarScanningCordappLoader.scanCordapp - Scanning CorDapp in file:/C:/Users/angel/Documents/corda/bootcamp-cordapp/build/generated-custom-cordapps/20190828-214430.513/custom-cordapp_1_4_7ed6debf-5146-4716-a33f-8e89aa54eea9.jar {}
[INFO ] 2019-08-28T21:44:30,964Z [main] cordapp.JarScanningCordappLoader.findNotaryService - Found notary service CorDapp implementations:  {}
[WARN ] 2019-08-28T21:44:31,669Z [main] contracts.AttachmentConstraint.warnOnce - Found state bootcamp.TokenContract that is constrained by the insecure: AlwaysAcceptAttachmentConstraint. {}
[INFO ] 2019-08-28T21:50:03,703Z [main] cordapp.JarScanningCordappLoader.<init> - Loading CorDapps from RestrictedURL(url=file:/C:/Users/angel/Documents/corda/bootcamp-cordapp/build/generated-custom-cordapps/20190828-215003.279/custom-cordapp_1_4_f991233b-4963-46ba-9e1f-832755b4c0ba.jar, rootPackageName=null) {}
[INFO ] 2019-08-28T21:50:03,727Z [main] cordapp.JarScanningCordappLoader.scanCordapp - Scanning CorDapp in file:/C:/Users/angel/Documents/corda/bootcamp-cordapp/build/generated-custom-cordapps/20190828-215003.279/custom-cordapp_1_4_f991233b-4963-46ba-9e1f-832755b4c0ba.jar {}
[INFO ] 2019-08-28T21:50:03,772Z [main] cordapp.JarScanningCordappLoader.findNotaryService - Found notary service CorDapp implementations:  {}
[WARN ] 2019-08-28T21:50:04,499Z [main] contracts.TransactionState.<init> - State class bootcamp.TokenState is not annotated with @BelongsToContract, and does not have an enclosing class which implements Contract. Annotate TokenState with @BelongsToContract(bootcamp.TokenContract.class) to remove this warning. {}
[WARN ] 2019-08-28T21:50:04,504Z [main] contracts.AttachmentConstraint.warnOnce - Found state bootcamp.TokenContract that is constrained by the insecure: AlwaysAcceptAttachmentConstraint. {}
[INFO ] 2019-08-28T21:51:05,994Z [main] cordapp.JarScanningCordappLoader.<init> - Loading CorDapps from RestrictedURL(url=file:/C:/Users/angel/Documents/corda/bootcamp-cordapp/build/generated-custom-cordapps/20190828-215105.594/custom-cordapp_1_4_06b5e052-614d-431c-9bbf-cb56b0079a10.jar, rootPackageName=null) {}
[INFO ] 2019-08-28T21:51:06,017Z [main] cordapp.JarScanningCordappLoader.scanCordapp - Scanning CorDapp in file:/C:/Users/angel/Documents/corda/bootcamp-cordapp/build/generated-custom-cordapps/20190828-215105.594/custom-cordapp_1_4_06b5e052-614d-431c-9bbf-cb56b0079a10.jar {}
[INFO ] 2019-08-28T21:51:06,061Z [main] cordapp.JarScanningCordappLoader.findNotaryService - Found notary service CorDapp implementations:  {}
[WARN ] 2019-08-28T21:51:06,770Z [main] contracts.TransactionState.<init> - State class bootcamp.TokenState is not annotated with @BelongsToContract, and does not have an enclosing class which implements Contract. Annotate TokenState with @BelongsToContract(bootcamp.TokenContract.class) to remove this warning. {}
[WARN ] 2019-08-28T21:51:06,774Z [main] contracts.AttachmentConstraint.warnOnce - Found state bootcamp.TokenContract that is constrained by the insecure: AlwaysAcceptAttachmentConstraint. {}
[INFO ] 2019-08-28T22:04:38,410Z [main] cordapp.JarScanningCordappLoader.<init> - Loading CorDapps from RestrictedURL(url=file:/C:/Users/angel/Documents/corda/bootcamp-cordapp/build/generated-custom-cordapps/20190828-220438.028/custom-cordapp_1_4_3311934b-114f-4bf4-ac58-d91b41a3a5be.jar, rootPackageName=null) {}
[INFO ] 2019-08-28T22:04:38,434Z [main] cordapp.JarScanningCordappLoader.scanCordapp - Scanning CorDapp in file:/C:/Users/angel/Documents/corda/bootcamp-cordapp/build/generated-custom-cordapps/20190828-220438.028/custom-cordapp_1_4_3311934b-114f-4bf4-ac58-d91b41a3a5be.jar {}
[INFO ] 2019-08-28T22:04:38,478Z [main] cordapp.JarScanningCordappLoader.findNotaryService - Found notary service CorDapp implementations:  {}
[WARN ] 2019-08-28T22:04:39,199Z [main] contracts.TransactionState.<init> - State class bootcamp.TokenState is not annotated with @BelongsToContract, and does not have an enclosing class which implements Contract. Annotate TokenState with @BelongsToContract(bootcamp.TokenContract.class) to remove this warning. {}
[WARN ] 2019-08-28T22:04:39,204Z [main] contracts.AttachmentConstraint.warnOnce - Found state bootcamp.TokenContract that is constrained by the insecure: AlwaysAcceptAttachmentConstraint. {}
[INFO ] 2019-08-28T22:07:07,962Z [main] cordapp.JarScanningCordappLoader.<init> - Loading CorDapps from RestrictedURL(url=file:/C:/Users/angel/Documents/corda/bootcamp-cordapp/build/generated-custom-cordapps/20190828-220707.567/custom-cordapp_1_4_df5be9d0-cb73-447f-9109-8f123ffc99e6.jar, rootPackageName=null) {}
[INFO ] 2019-08-28T22:07:07,986Z [main] cordapp.JarScanningCordappLoader.scanCordapp - Scanning CorDapp in file:/C:/Users/angel/Documents/corda/bootcamp-cordapp/build/generated-custom-cordapps/20190828-220707.567/custom-cordapp_1_4_df5be9d0-cb73-447f-9109-8f123ffc99e6.jar {}
[INFO ] 2019-08-28T22:07:08,029Z [main] cordapp.JarScanningCordappLoader.findNotaryService - Found notary service CorDapp implementations:  {}
[WARN ] 2019-08-28T22:07:08,732Z [main] contracts.TransactionState.<init> - State class bootcamp.TokenState is not annotated with @BelongsToContract, and does not have an enclosing class which implements Contract. Annotate TokenState with @BelongsToContract(bootcamp.TokenContract.class) to remove this warning. {}
[WARN ] 2019-08-28T22:07:08,737Z [main] contracts.AttachmentConstraint.warnOnce - Found state bootcamp.TokenContract that is constrained by the insecure: AlwaysAcceptAttachmentConstraint. {}
[INFO ] 2019-08-28T22:07:47,101Z [main] cordapp.JarScanningCordappLoader.<init> - Loading CorDapps from RestrictedURL(url=file:/C:/Users/angel/Documents/corda/bootcamp-cordapp/build/generated-custom-cordapps/20190828-220746.719/custom-cordapp_1_4_1e9d39ba-2c8c-4478-a44e-ff2a5358e51a.jar, rootPackageName=null) {}
[INFO ] 2019-08-28T22:07:47,126Z [main] cordapp.JarScanningCordappLoader.scanCordapp - Scanning CorDapp in file:/C:/Users/angel/Documents/corda/bootcamp-cordapp/build/generated-custom-cordapps/20190828-220746.719/custom-cordapp_1_4_1e9d39ba-2c8c-4478-a44e-ff2a5358e51a.jar {}
[INFO ] 2019-08-28T22:07:47,171Z [main] cordapp.JarScanningCordappLoader.findNotaryService - Found notary service CorDapp implementations:  {}
[WARN ] 2019-08-28T22:07:47,874Z [main] contracts.AttachmentConstraint.warnOnce - Found state bootcamp.TokenContract that is constrained by the insecure: AlwaysAcceptAttachmentConstraint. {}
[INFO ] 2019-08-28T22:10:05,816Z [main] cordapp.JarScanningCordappLoader.<init> - Loading CorDapps from RestrictedURL(url=file:/C:/Users/angel/Documents/corda/bootcamp-cordapp/build/generated-custom-cordapps/20190828-221005.428/custom-cordapp_1_4_0e3783f3-b8b2-4a49-9b3d-400dda6b7751.jar, rootPackageName=null) {}
[INFO ] 2019-08-28T22:10:05,839Z [main] cordapp.JarScanningCordappLoader.scanCordapp - Scanning CorDapp in file:/C:/Users/angel/Documents/corda/bootcamp-cordapp/build/generated-custom-cordapps/20190828-221005.428/custom-cordapp_1_4_0e3783f3-b8b2-4a49-9b3d-400dda6b7751.jar {}
[INFO ] 2019-08-28T22:10:05,883Z [main] cordapp.JarScanningCordappLoader.findNotaryService - Found notary service CorDapp implementations:  {}
[WARN ] 2019-08-28T22:10:06,596Z [main] contracts.AttachmentConstraint.warnOnce - Found state bootcamp.TokenContract that is constrained by the insecure: AlwaysAcceptAttachmentConstraint. {}
[INFO ] 2019-08-28T22:10:35,159Z [main] cordapp.JarScanningCordappLoader.<init> - Loading CorDapps from RestrictedURL(url=file:/C:/Users/angel/Documents/corda/bootcamp-cordapp/build/generated-custom-cordapps/20190828-221034.756/custom-cordapp_1_4_10746773-37b2-4002-8817-5ce9e9384fb6.jar, rootPackageName=null) {}
[INFO ] 2019-08-28T22:10:35,185Z [main] cordapp.JarScanningCordappLoader.scanCordapp - Scanning CorDapp in file:/C:/Users/angel/Documents/corda/bootcamp-cordapp/build/generated-custom-cordapps/20190828-221034.756/custom-cordapp_1_4_10746773-37b2-4002-8817-5ce9e9384fb6.jar {}
[INFO ] 2019-08-28T22:10:35,230Z [main] cordapp.JarScanningCordappLoader.findNotaryService - Found notary service CorDapp implementations:  {}
[WARN ] 2019-08-28T22:10:35,953Z [main] contracts.AttachmentConstraint.warnOnce - Found state bootcamp.TokenContract that is constrained by the insecure: AlwaysAcceptAttachmentConstraint. {}
[INFO ] 2019-08-28T22:10:42,351Z [main] cordapp.JarScanningCordappLoader.<init> - Loading CorDapps from RestrictedURL(url=file:/C:/Users/angel/Documents/corda/bootcamp-cordapp/build/generated-custom-cordapps/20190828-221041.957/custom-cordapp_1_4_069d492a-a8be-48c8-a12c-3260a3215e2a.jar, rootPackageName=null) {}
[INFO ] 2019-08-28T22:10:42,375Z [main] cordapp.JarScanningCordappLoader.scanCordapp - Scanning CorDapp in file:/C:/Users/angel/Documents/corda/bootcamp-cordapp/build/generated-custom-cordapps/20190828-221041.957/custom-cordapp_1_4_069d492a-a8be-48c8-a12c-3260a3215e2a.jar {}
[INFO ] 2019-08-28T22:10:42,418Z [main] cordapp.JarScanningCordappLoader.findNotaryService - Found notary service CorDapp implementations:  {}
[WARN ] 2019-08-28T22:10:43,149Z [main] contracts.AttachmentConstraint.warnOnce - Found state bootcamp.TokenContract that is constrained by the insecure: AlwaysAcceptAttachmentConstraint. {}
[INFO ] 2019-08-28T22:51:42,464Z [main] cordapp.JarScanningCordappLoader.<init> - Loading CorDapps from RestrictedURL(url=file:/C:/Users/angel/Documents/corda/bootcamp-cordapp/build/generated-custom-cordapps/20190828-225142.066/custom-cordapp_1_4_2d583ba7-c35d-41a0-a5e4-2cddcd063bda.jar, rootPackageName=null) {}
[INFO ] 2019-08-28T22:51:42,489Z [main] cordapp.JarScanningCordappLoader.scanCordapp - Scanning CorDapp in file:/C:/Users/angel/Documents/corda/bootcamp-cordapp/build/generated-custom-cordapps/20190828-225142.066/custom-cordapp_1_4_2d583ba7-c35d-41a0-a5e4-2cddcd063bda.jar {}
[INFO ] 2019-08-28T22:51:42,540Z [main] cordapp.JarScanningCordappLoader.findNotaryService - Found notary service CorDapp implementations:  {}
[INFO ] 2019-08-28T22:51:44,756Z [main] cordapp.JarScanningCordappLoader.<init> - Loading CorDapps from RestrictedURL(url=file:/C:/Users/angel/Documents/corda/bootcamp-cordapp/build/generated-custom-cordapps/20190828-225142.066/custom-cordapp_1_4_2d583ba7-c35d-41a0-a5e4-2cddcd063bda.jar, rootPackageName=null) {}
[INFO ] 2019-08-28T22:51:44,756Z [main] cordapp.JarScanningCordappLoader.scanCordapp - Scanning CorDapp in file:/C:/Users/angel/Documents/corda/bootcamp-cordapp/build/generated-custom-cordapps/20190828-225142.066/custom-cordapp_1_4_2d583ba7-c35d-41a0-a5e4-2cddcd063bda.jar {}
[INFO ] 2019-08-28T22:51:44,778Z [main] cordapp.JarScanningCordappLoader.findNotaryService - Found notary service CorDapp implementations:  {}
[INFO ] 2019-08-28T22:51:44,893Z [main] cordapp.JarScanningCordappLoader.<init> - Loading CorDapps from RestrictedURL(url=file:/C:/Users/angel/Documents/corda/bootcamp-cordapp/build/generated-custom-cordapps/20190828-225142.066/custom-cordapp_1_4_2d583ba7-c35d-41a0-a5e4-2cddcd063bda.jar, rootPackageName=null) {}
[INFO ] 2019-08-28T22:51:44,893Z [main] cordapp.JarScanningCordappLoader.scanCordapp - Scanning CorDapp in file:/C:/Users/angel/Documents/corda/bootcamp-cordapp/build/generated-custom-cordapps/20190828-225142.066/custom-cordapp_1_4_2d583ba7-c35d-41a0-a5e4-2cddcd063bda.jar {}
[INFO ] 2019-08-28T22:51:44,918Z [main] cordapp.JarScanningCordappLoader.findNotaryService - Found notary service CorDapp implementations:  {}
[WARN ] 2019-08-28T22:51:45,035Z [main] contracts.AttachmentConstraint.warnOnce - Found state bootcamp.TokenContract that is constrained by the insecure: AlwaysAcceptAttachmentConstraint. {}
[INFO ] 2019-08-28T23:01:51,028Z [main] cordapp.JarScanningCordappLoader.<init> - Loading CorDapps from RestrictedURL(url=file:/C:/Users/angel/Documents/corda/bootcamp-cordapp/build/generated-custom-cordapps/20190828-230150.633/custom-cordapp_1_4_7cf6d97e-55fb-489f-9f9b-0b96d382e6b8.jar, rootPackageName=null) {}
[INFO ] 2019-08-28T23:01:51,051Z [main] cordapp.JarScanningCordappLoader.scanCordapp - Scanning CorDapp in file:/C:/Users/angel/Documents/corda/bootcamp-cordapp/build/generated-custom-cordapps/20190828-230150.633/custom-cordapp_1_4_7cf6d97e-55fb-489f-9f9b-0b96d382e6b8.jar {}
[INFO ] 2019-08-28T23:01:51,096Z [main] cordapp.JarScanningCordappLoader.findNotaryService - Found notary service CorDapp implementations:  {}
[WARN ] 2019-08-28T23:01:51,810Z [main] contracts.AttachmentConstraint.warnOnce - Found state bootcamp.TokenContract that is constrained by the insecure: AlwaysAcceptAttachmentConstraint. {}
[INFO ] 2019-08-28T23:02:24,446Z [main] cordapp.JarScanningCordappLoader.<init> - Loading CorDapps from RestrictedURL(url=file:/C:/Users/angel/Documents/corda/bootcamp-cordapp/build/generated-custom-cordapps/20190828-230224.052/custom-cordapp_1_4_5e9fd125-c41f-4fa6-8ec0-00f59756b636.jar, rootPackageName=null) {}
[INFO ] 2019-08-28T23:02:24,470Z [main] cordapp.JarScanningCordappLoader.scanCordapp - Scanning CorDapp in file:/C:/Users/angel/Documents/corda/bootcamp-cordapp/build/generated-custom-cordapps/20190828-230224.052/custom-cordapp_1_4_5e9fd125-c41f-4fa6-8ec0-00f59756b636.jar {}
[INFO ] 2019-08-28T23:02:24,514Z [main] cordapp.JarScanningCordappLoader.findNotaryService - Found notary service CorDapp implementations:  {}
[WARN ] 2019-08-28T23:02:25,233Z [main] contracts.AttachmentConstraint.warnOnce - Found state bootcamp.TokenContract that is constrained by the insecure: AlwaysAcceptAttachmentConstraint. {}
[INFO ] 2019-08-28T23:11:14,647Z [main] cordapp.JarScanningCordappLoader.<init> - Loading CorDapps from RestrictedURL(url=file:/C:/Users/angel/Documents/corda/bootcamp-cordapp/build/generated-custom-cordapps/20190828-231114.224/custom-cordapp_1_4_6566f2b5-4408-4247-a26d-3ec7fec88660.jar, rootPackageName=null) {}
[INFO ] 2019-08-28T23:11:14,671Z [main] cordapp.JarScanningCordappLoader.scanCordapp - Scanning CorDapp in file:/C:/Users/angel/Documents/corda/bootcamp-cordapp/build/generated-custom-cordapps/20190828-231114.224/custom-cordapp_1_4_6566f2b5-4408-4247-a26d-3ec7fec88660.jar {}
[INFO ] 2019-08-28T23:11:14,716Z [main] cordapp.JarScanningCordappLoader.findNotaryService - Found notary service CorDapp implementations:  {}
[INFO ] 2019-08-28T23:26:32,684Z [main] cordapp.JarScanningCordappLoader.<init> - Loading CorDapps from RestrictedURL(url=file:/C:/Users/angel/Documents/corda/bootcamp-cordapp/build/generated-custom-cordapps/20190828-232632.283/custom-cordapp_1_4_09afff89-6ef9-4403-9672-3bb4ec3a4cac.jar, rootPackageName=null) {}
[INFO ] 2019-08-28T23:26:32,707Z [main] cordapp.JarScanningCordappLoader.scanCordapp - Scanning CorDapp in file:/C:/Users/angel/Documents/corda/bootcamp-cordapp/build/generated-custom-cordapps/20190828-232632.283/custom-cordapp_1_4_09afff89-6ef9-4403-9672-3bb4ec3a4cac.jar {}
[INFO ] 2019-08-28T23:26:32,750Z [main] cordapp.JarScanningCordappLoader.findNotaryService - Found notary service CorDapp implementations:  {}
[WARN ] 2019-08-28T23:26:33,496Z [main] contracts.AttachmentConstraint.warnOnce - Found state bootcamp.TokenContract that is constrained by the insecure: AlwaysAcceptAttachmentConstraint. {}
[INFO ] 2019-08-28T23:27:04,257Z [main] cordapp.JarScanningCordappLoader.<init> - Loading CorDapps from RestrictedURL(url=file:/C:/Users/angel/Documents/corda/bootcamp-cordapp/build/generated-custom-cordapps/20190828-232703.809/custom-cordapp_1_4_273e2dd8-0160-4c2b-a358-5235d89c7e03.jar, rootPackageName=null) {}
[INFO ] 2019-08-28T23:27:04,282Z [main] cordapp.JarScanningCordappLoader.scanCordapp - Scanning CorDapp in file:/C:/Users/angel/Documents/corda/bootcamp-cordapp/build/generated-custom-cordapps/20190828-232703.809/custom-cordapp_1_4_273e2dd8-0160-4c2b-a358-5235d89c7e03.jar {}
[INFO ] 2019-08-28T23:27:04,328Z [main] cordapp.JarScanningCordappLoader.findNotaryService - Found notary service CorDapp implementations:  {}
[WARN ] 2019-08-28T23:27:05,036Z [main] contracts.AttachmentConstraint.warnOnce - Found state bootcamp.TokenContract that is constrained by the insecure: AlwaysAcceptAttachmentConstraint. {}
[INFO ] 2019-08-28T23:29:18,716Z [main] cordapp.JarScanningCordappLoader.<init> - Loading CorDapps from RestrictedURL(url=file:/C:/Users/angel/Documents/corda/bootcamp-cordapp/build/generated-custom-cordapps/20190828-232918.171/custom-cordapp_1_4_76aa689d-f95a-43a1-8782-788a8fdb9ad4.jar, rootPackageName=null) {}
[INFO ] 2019-08-28T23:29:18,758Z [main] cordapp.JarScanningCordappLoader.scanCordapp - Scanning CorDapp in file:/C:/Users/angel/Documents/corda/bootcamp-cordapp/build/generated-custom-cordapps/20190828-232918.171/custom-cordapp_1_4_76aa689d-f95a-43a1-8782-788a8fdb9ad4.jar {}
[INFO ] 2019-08-28T23:29:18,831Z [main] cordapp.JarScanningCordappLoader.findNotaryService - Found notary service CorDapp implementations:  {}
[WARN ] 2019-08-28T23:29:19,795Z [main] contracts.AttachmentConstraint.warnOnce - Found state bootcamp.TokenContract that is constrained by the insecure: AlwaysAcceptAttachmentConstraint. {}
